[Info  - 4:11:48 PM] Initialising intelephense 1.9.5
[Info  - 4:11:48 PM] Reading state from /home/23SP/23SP_haseebz/.vscode-server/data/User/workspaceStorage/5e7848b333f835f96548b9a1fee36216/bmewburn.vscode-intelephense-client/6ab9a9da.
[Info  - 4:11:49 PM] Initialised in 167 ms
[Info  - 4:11:49 PM] Searching file:///home/23SP/23SP_haseebz/.vscode-server/extensions/bmewburn.vscode-intelephense-client-1.9.5/node_modules/intelephense/lib/stub for files to index.
[Info  - 4:11:49 PM] Searching file:///home/23SP/23SP_haseebz for files to index.
[Info  - 4:11:49 PM] Indexing started.
[Info  - 4:11:49 PM] Indexing ended. 19 files indexed in 0s.
[Info  - 4:11:49 PM] Writing state to /home/23SP/23SP_haseebz/.vscode-server/data/User/workspaceStorage/5e7848b333f835f96548b9a1fee36216/bmewburn.vscode-intelephense-client/6ab9a9da.
[Info  - 4:11:49 PM] Wrote state in 0.2s.
[Info  - 4:12:22 PM] Indexing started.
[Info  - 4:12:22 PM] Indexing ended. 2 files indexed in 0s.
[Info  - 4:12:28 PM] Indexing started.
[Info  - 4:12:28 PM] Indexing ended. 1 files indexed in 0s.
[Info  - 4:13:56 PM] Indexing started.
[Info  - 4:13:56 PM] Indexing ended. 1 files indexed in 0s.
[Info  - 4:13:58 PM] Indexing started.
[Info  - 4:13:58 PM] Indexing ended. 1 files indexed in 0s.
[Info  - 4:14:19 PM] Indexing started.
[Info  - 4:14:20 PM] Indexing ended. 1 files indexed in 0s.
[Info  - 4:14:26 PM] Indexing started.
[Info  - 4:14:26 PM] Indexing ended. 1 files indexed in 0s.
[Info  - 4:14:31 PM] Indexing started.
[Info  - 4:14:32 PM] Indexing ended. 1 files indexed in 0s.
[Info  - 4:14:38 PM] Indexing started.
[Info  - 4:14:39 PM] Indexing ended. 1 files indexed in 0s.
[Info  - 4:14:45 PM] Indexing started.
[Info  - 4:14:46 PM] Indexing ended. 1 files indexed in 0s.
[Info  - 4:14:50 PM] Indexing started.
[Info  - 4:14:50 PM] Indexing ended. 1 files indexed in 0s.
[Info  - 4:14:52 PM] Indexing started.
[Info  - 4:14:52 PM] Indexing ended. 1 files indexed in 0s.
[Info  - 4:14:54 PM] Indexing started.
[Info  - 4:14:54 PM] Indexing ended. 1 files indexed in 0s.
[Info  - 4:14:58 PM] Indexing started.
[Info  - 4:14:58 PM] Indexing ended. 1 files indexed in 0s.
[Info  - 4:15:03 PM] Indexing started.
[Info  - 4:15:03 PM] Indexing ended. 1 files indexed in 0s.
[Info  - 4:15:04 PM] Indexing started.
[Info  - 4:15:04 PM] Indexing ended. 1 files indexed in 0s.
[Info  - 4:15:13 PM] Indexing started.
[Info  - 4:15:13 PM] Indexing ended. 1 files indexed in 0s.
[Info  - 4:16:47 PM] Indexing started.
[Info  - 4:16:47 PM] Indexing ended. 1 files indexed in 0s.
[Info  - 4:16:51 PM] Indexing started.
[Info  - 4:16:51 PM] Indexing ended. 1 files indexed in 0s.
[Info  - 4:17:01 PM] Indexing started.
[Info  - 4:17:01 PM] Indexing ended. 1 files indexed in 0s.
[Info  - 4:17:09 PM] Indexing started.
[Info  - 4:17:10 PM] Indexing ended. 1 files indexed in 0s.
[Info  - 4:17:11 PM] Indexing started.
[Info  - 4:17:12 PM] Indexing ended. 1 files indexed in 0s.
[Info  - 4:17:14 PM] Indexing started.
[Info  - 4:17:14 PM] Indexing ended. 1 files indexed in 0s.
[Info  - 4:17:22 PM] Indexing started.
[Info  - 4:17:22 PM] Indexing ended. 1 files indexed in 0s.
[Info  - 4:17:34 PM] Indexing started.
[Info  - 4:17:34 PM] Indexing ended. 1 files indexed in 0s.
[Info  - 4:18:02 PM] Indexing started.
[Info  - 4:18:02 PM] Indexing ended. 1 files indexed in 0s.
[Info  - 4:18:08 PM] Indexing started.
[Info  - 4:18:08 PM] Indexing ended. 1 files indexed in 0s.
[Info  - 4:18:10 PM] Indexing started.
[Info  - 4:18:10 PM] Indexing ended. 1 files indexed in 0s.
[Info  - 4:18:13 PM] Indexing started.
[Info  - 4:18:14 PM] Indexing ended. 1 files indexed in 0s.
[Info  - 4:18:18 PM] Indexing started.
[Info  - 4:18:18 PM] Indexing ended. 1 files indexed in 0s.
[Info  - 4:18:52 PM] Indexing started.
[Info  - 4:18:52 PM] Indexing ended. 1 files indexed in 0s.
[Info  - 4:18:54 PM] Indexing started.
[Info  - 4:18:54 PM] Indexing ended. 1 files indexed in 0s.
[Info  - 4:18:59 PM] Indexing started.
[Info  - 4:18:59 PM] Indexing ended. 1 files indexed in 0s.
[Info  - 4:19:14 PM] Indexing started.
[Info  - 4:19:14 PM] Indexing ended. 1 files indexed in 0s.
[Info  - 4:19:18 PM] Indexing started.
[Info  - 4:19:18 PM] Indexing ended. 1 files indexed in 0s.
[Info  - 4:19:23 PM] Indexing started.
[Info  - 4:19:23 PM] Indexing ended. 1 files indexed in 0s.
[Info  - 4:22:56 PM] Indexing started.
[Info  - 4:22:56 PM] Indexing ended. 1 files indexed in 0s.
[Info  - 4:22:59 PM] Indexing started.
[Info  - 4:22:59 PM] Indexing ended. 1 files indexed in 0s.
[Info  - 4:23:16 PM] Indexing started.
[Info  - 4:23:16 PM] Indexing ended. 1 files indexed in 0s.
[Info  - 4:23:20 PM] Indexing started.
[Info  - 4:23:20 PM] Indexing ended. 1 files indexed in 0s.
[Info  - 4:23:21 PM] Indexing started.
[Info  - 4:23:21 PM] Indexing ended. 1 files indexed in 0s.
[Info  - 4:23:30 PM] Indexing started.
[Info  - 4:23:30 PM] Indexing ended. 1 files indexed in 0s.
[Info  - 4:23:49 PM] Indexing started.
[Info  - 4:23:49 PM] Indexing ended. 1 files indexed in 0s.
[Info  - 4:23:55 PM] Indexing started.
[Info  - 4:23:55 PM] Indexing ended. 1 files indexed in 0s.
[Info  - 4:23:58 PM] Indexing started.
[Info  - 4:23:59 PM] Indexing ended. 1 files indexed in 0s.
[Info  - 4:24:12 PM] Indexing started.
[Info  - 4:24:12 PM] Indexing ended. 1 files indexed in 0s.
[Info  - 4:24:14 PM] Indexing started.
[Info  - 4:24:14 PM] Indexing ended. 1 files indexed in 0s.
[Info  - 4:24:23 PM] Indexing started.
[Info  - 4:24:23 PM] Indexing ended. 1 files indexed in 0s.
[Info  - 4:24:28 PM] Indexing started.
[Info  - 4:24:28 PM] Indexing ended. 1 files indexed in 0s.
[Info  - 4:24:31 PM] Indexing started.
[Info  - 4:24:31 PM] Indexing ended. 1 files indexed in 0s.
[Info  - 4:24:36 PM] Indexing started.
[Info  - 4:24:36 PM] Indexing ended. 1 files indexed in 0s.
[Info  - 4:24:39 PM] Indexing started.
[Info  - 4:24:40 PM] Indexing ended. 1 files indexed in 0s.
[Info  - 4:24:44 PM] Indexing started.
[Info  - 4:24:44 PM] Indexing ended. 1 files indexed in 0s.
[Info  - 4:24:46 PM] Indexing started.
[Info  - 4:24:46 PM] Indexing ended. 1 files indexed in 0s.
[Info  - 4:24:48 PM] Indexing started.
[Info  - 4:24:49 PM] Indexing ended. 1 files indexed in 0s.
[Info  - 4:24:50 PM] Indexing started.
[Info  - 4:24:50 PM] Indexing ended. 1 files indexed in 0s.
[Info  - 4:24:58 PM] Indexing started.
[Info  - 4:24:58 PM] Indexing ended. 1 files indexed in 0s.
[Info  - 4:25:02 PM] Indexing started.
[Info  - 4:25:02 PM] Indexing ended. 1 files indexed in 0s.
[Info  - 4:25:08 PM] Indexing started.
[Info  - 4:25:08 PM] Indexing ended. 1 files indexed in 0s.
[Info  - 4:25:15 PM] Indexing started.
[Info  - 4:25:15 PM] Indexing ended. 1 files indexed in 0s.
[Info  - 4:25:24 PM] Indexing started.
[Info  - 4:25:24 PM] Indexing ended. 1 files indexed in 0s.
[Info  - 4:25:30 PM] Indexing started.
[Info  - 4:25:30 PM] Indexing ended. 1 files indexed in 0s.
[Info  - 4:25:32 PM] Indexing started.
[Info  - 4:25:32 PM] Indexing ended. 1 files indexed in 0s.
[Info  - 4:25:36 PM] Indexing started.
[Info  - 4:25:36 PM] Indexing ended. 1 files indexed in 0s.
[Info  - 4:25:40 PM] Indexing started.
[Info  - 4:25:40 PM] Indexing ended. 1 files indexed in 0s.
[Info  - 4:25:44 PM] Indexing started.
[Info  - 4:25:44 PM] Indexing ended. 1 files indexed in 0s.
[Info  - 4:25:46 PM] Indexing started.
[Info  - 4:25:46 PM] Indexing ended. 1 files indexed in 0s.
[Info  - 4:25:54 PM] Indexing started.
[Info  - 4:25:55 PM] Indexing ended. 1 files indexed in 0s.
[Info  - 4:25:58 PM] Indexing started.
[Info  - 4:25:58 PM] Indexing ended. 1 files indexed in 0s.
[Info  - 4:26:00 PM] Indexing started.
[Info  - 4:26:00 PM] Indexing ended. 1 files indexed in 0s.
[Info  - 4:32:22 PM] Indexing started.
[Info  - 4:32:23 PM] Indexing ended. 1 files indexed in 0s.
[Info  - 4:32:25 PM] Indexing started.
[Info  - 4:32:25 PM] Indexing ended. 1 files indexed in 0s.
[Info  - 4:32:27 PM] Indexing started.
[Info  - 4:32:28 PM] Indexing ended. 1 files indexed in 0s.
[Info  - 4:32:34 PM] Indexing started.
[Info  - 4:32:34 PM] Indexing ended. 1 files indexed in 0s.
[Info  - 4:33:36 PM] Indexing started.
[Info  - 4:33:36 PM] Indexing ended. 1 files indexed in 0s.
[Info  - 4:33:38 PM] Indexing started.
[Info  - 4:33:38 PM] Indexing ended. 1 files indexed in 0s.
[Info  - 4:33:40 PM] Indexing started.
[Info  - 4:33:40 PM] Indexing ended. 1 files indexed in 0s.
[Info  - 4:33:44 PM] Indexing started.
[Info  - 4:33:44 PM] Indexing ended. 1 files indexed in 0s.
[Info  - 4:33:47 PM] Indexing started.
[Info  - 4:33:47 PM] Indexing ended. 1 files indexed in 0s.
[Info  - 4:34:00 PM] Indexing started.
[Info  - 4:34:00 PM] Indexing ended. 1 files indexed in 0s.
[Info  - 4:34:03 PM] Indexing started.
[Info  - 4:34:04 PM] Indexing ended. 1 files indexed in 0s.
[Info  - 4:34:06 PM] Indexing started.
[Info  - 4:34:06 PM] Indexing ended. 1 files indexed in 0s.
[Info  - 4:34:08 PM] Indexing started.
[Info  - 4:34:08 PM] Indexing ended. 1 files indexed in 0s.
[Info  - 4:34:10 PM] Indexing started.
[Info  - 4:34:11 PM] Indexing ended. 1 files indexed in 0s.
[Info  - 4:34:22 PM] Indexing started.
[Info  - 4:34:23 PM] Indexing ended. 1 files indexed in 0s.
[Info  - 4:34:25 PM] Indexing started.
[Info  - 4:34:25 PM] Indexing ended. 1 files indexed in 0s.
[Info  - 4:34:28 PM] Indexing started.
[Info  - 4:34:28 PM] Indexing ended. 1 files indexed in 0s.
[Info  - 4:34:36 PM] Indexing started.
[Info  - 4:34:36 PM] Indexing ended. 1 files indexed in 0s.
[Info  - 4:34:44 PM] Indexing started.
[Info  - 4:34:44 PM] Indexing ended. 1 files indexed in 0s.
[Info  - 4:34:54 PM] Indexing started.
[Info  - 4:34:55 PM] Indexing ended. 1 files indexed in 0s.
[Info  - 4:36:20 PM] Indexing started.
[Info  - 4:36:20 PM] Indexing ended. 1 files indexed in 0s.
[Info  - 4:36:27 PM] Indexing started.
[Info  - 4:36:27 PM] Indexing ended. 1 files indexed in 0s.
[Info  - 4:36:42 PM] Indexing started.
[Info  - 4:36:42 PM] Indexing ended. 1 files indexed in 0s.
[Info  - 4:40:50 PM] Indexing started.
[Info  - 4:40:50 PM] Indexing ended. 1 files indexed in 0s.
[Info  - 4:40:53 PM] Indexing started.
[Info  - 4:40:53 PM] Indexing ended. 1 files indexed in 0s.
[Info  - 4:42:01 PM] Indexing started.
[Info  - 4:42:01 PM] Indexing ended. 1 files indexed in 0s.
[Info  - 4:42:07 PM] Indexing started.
[Info  - 4:42:07 PM] Indexing ended. 1 files indexed in 0s.
[Info  - 4:42:15 PM] Indexing started.
[Info  - 4:42:15 PM] Indexing ended. 1 files indexed in 0s.
[Info  - 4:42:19 PM] Indexing started.
[Info  - 4:42:20 PM] Indexing ended. 1 files indexed in 0s.
[Info  - 4:42:27 PM] Indexing started.
[Info  - 4:42:27 PM] Indexing ended. 1 files indexed in 0s.
[Info  - 4:42:33 PM] Indexing started.
[Info  - 4:42:33 PM] Indexing ended. 1 files indexed in 0s.
[Info  - 4:42:39 PM] Indexing started.
[Info  - 4:42:39 PM] Indexing ended. 1 files indexed in 0s.
[Info  - 4:42:41 PM] Indexing started.
[Info  - 4:42:42 PM] Indexing ended. 1 files indexed in 0s.
[Info  - 4:42:43 PM] Indexing started.
[Info  - 4:42:44 PM] Indexing ended. 1 files indexed in 0s.
[Info  - 4:42:48 PM] Indexing started.
[Info  - 4:42:48 PM] Indexing ended. 1 files indexed in 0s.
[Info  - 4:42:49 PM] Indexing started.
[Info  - 4:42:49 PM] Indexing ended. 1 files indexed in 0s.
[Info  - 4:43:01 PM] Indexing started.
[Info  - 4:43:01 PM] Indexing ended. 1 files indexed in 0s.
[Info  - 4:43:02 PM] Indexing started.
[Info  - 4:43:02 PM] Indexing ended. 1 files indexed in 0s.
[Info  - 4:43:07 PM] Indexing started.
[Info  - 4:43:08 PM] Indexing ended. 1 files indexed in 0s.
[Info  - 4:43:10 PM] Indexing started.
[Info  - 4:43:10 PM] Indexing ended. 1 files indexed in 0s.
[Info  - 4:43:13 PM] Indexing started.
[Info  - 4:43:13 PM] Indexing ended. 1 files indexed in 0s.
[Info  - 4:43:15 PM] Indexing started.
[Info  - 4:43:15 PM] Indexing ended. 1 files indexed in 0s.
[Info  - 4:43:19 PM] Indexing started.
[Info  - 4:43:19 PM] Indexing ended. 1 files indexed in 0s.
[Info  - 4:43:23 PM] Indexing started.
[Info  - 4:43:23 PM] Indexing ended. 1 files indexed in 0s.
[Info  - 4:43:27 PM] Indexing started.
[Info  - 4:43:28 PM] Indexing ended. 1 files indexed in 0s.
[Info  - 4:43:30 PM] Indexing started.
[Info  - 4:43:31 PM] Indexing ended. 1 files indexed in 0s.
[Info  - 4:43:37 PM] Indexing started.
[Info  - 4:43:37 PM] Indexing ended. 1 files indexed in 0s.
[Info  - 4:43:38 PM] Indexing started.
[Info  - 4:43:39 PM] Indexing ended. 1 files indexed in 0s.
[Info  - 4:43:40 PM] Indexing started.
[Info  - 4:43:40 PM] Indexing ended. 1 files indexed in 0s.
[Info  - 4:43:44 PM] Indexing started.
[Info  - 4:43:44 PM] Indexing ended. 1 files indexed in 0s.
[Info  - 4:43:49 PM] Indexing started.
[Info  - 4:43:49 PM] Indexing ended. 1 files indexed in 0s.
[Info  - 4:43:55 PM] Indexing started.
[Info  - 4:43:55 PM] Indexing ended. 1 files indexed in 0s.
[Info  - 4:44:01 PM] Indexing started.
[Info  - 4:44:01 PM] Indexing ended. 1 files indexed in 0s.
[Info  - 4:44:04 PM] Indexing started.
[Info  - 4:44:04 PM] Indexing ended. 1 files indexed in 0s.
[Info  - 4:44:07 PM] Indexing started.
[Info  - 4:44:07 PM] Indexing ended. 1 files indexed in 0s.
[Info  - 4:44:08 PM] Indexing started.
[Info  - 4:44:08 PM] Indexing ended. 1 files indexed in 0s.
[Info  - 4:44:16 PM] Indexing started.
[Info  - 4:44:16 PM] Indexing ended. 1 files indexed in 0s.
[Info  - 4:44:33 PM] Indexing started.
[Info  - 4:44:33 PM] Indexing ended. 1 files indexed in 0s.
[Info  - 4:44:35 PM] Indexing started.
[Info  - 4:44:36 PM] Indexing ended. 1 files indexed in 0s.
[Info  - 4:44:40 PM] Indexing started.
[Info  - 4:44:40 PM] Indexing ended. 1 files indexed in 0s.
[Info  - 4:44:43 PM] Indexing started.
[Info  - 4:44:43 PM] Indexing ended. 1 files indexed in 0s.
[Info  - 4:44:50 PM] Indexing started.
[Info  - 4:44:50 PM] Indexing ended. 1 files indexed in 0s.
[Info  - 4:44:56 PM] Indexing started.
[Info  - 4:44:56 PM] Indexing ended. 1 files indexed in 0s.
[Info  - 4:44:58 PM] Indexing started.
[Info  - 4:44:58 PM] Indexing ended. 1 files indexed in 0s.
[Info  - 4:45:00 PM] Indexing started.
[Info  - 4:45:00 PM] Indexing ended. 1 files indexed in 0s.
[Info  - 4:45:06 PM] Indexing started.
[Info  - 4:45:06 PM] Indexing ended. 1 files indexed in 0s.
[Info  - 4:45:08 PM] Indexing started.
[Info  - 4:45:08 PM] Indexing ended. 1 files indexed in 0s.
[Info  - 4:45:12 PM] Indexing started.
[Info  - 4:45:12 PM] Indexing ended. 1 files indexed in 0s.
[Info  - 4:45:13 PM] Indexing started.
[Info  - 4:45:13 PM] Indexing ended. 1 files indexed in 0s.
[Info  - 4:45:15 PM] Indexing started.
[Info  - 4:45:15 PM] Indexing ended. 1 files indexed in 0s.
[Info  - 4:45:19 PM] Indexing started.
[Info  - 4:45:19 PM] Indexing ended. 1 files indexed in 0s.
[Info  - 4:45:21 PM] Indexing started.
[Info  - 4:45:22 PM] Indexing ended. 1 files indexed in 0s.
[Info  - 4:45:26 PM] Indexing started.
[Info  - 4:45:27 PM] Indexing ended. 1 files indexed in 0s.
[Info  - 4:45:30 PM] Indexing started.
[Info  - 4:45:30 PM] Indexing ended. 1 files indexed in 0s.
[Info  - 4:45:34 PM] Indexing started.
[Info  - 4:45:34 PM] Indexing ended. 1 files indexed in 0s.
[Info  - 4:45:36 PM] Indexing started.
[Info  - 4:45:36 PM] Indexing ended. 1 files indexed in 0s.
[Info  - 4:45:46 PM] Indexing started.
[Info  - 4:45:47 PM] Indexing ended. 1 files indexed in 0s.
[Info  - 4:47:15 PM] Indexing started.
[Info  - 4:47:15 PM] Indexing ended. 1 files indexed in 0s.
[Info  - 4:47:18 PM] Indexing started.
[Info  - 4:47:18 PM] Indexing ended. 1 files indexed in 0s.
[Info  - 4:47:21 PM] Indexing started.
[Info  - 4:47:22 PM] Indexing ended. 1 files indexed in 0s.
[Info  - 4:47:27 PM] Indexing started.
[Info  - 4:47:27 PM] Indexing ended. 1 files indexed in 0s.
[Info  - 4:47:34 PM] Indexing started.
[Info  - 4:47:34 PM] Indexing ended. 1 files indexed in 0s.
[Info  - 4:50:35 PM] Indexing started.
[Info  - 4:50:35 PM] Indexing ended. 1 files indexed in 0s.
[Info  - 4:50:37 PM] Indexing started.
[Info  - 4:50:37 PM] Indexing ended. 1 files indexed in 0s.
[Info  - 4:50:39 PM] Indexing started.
[Info  - 4:50:39 PM] Indexing ended. 1 files indexed in 0s.
[Info  - 4:50:49 PM] Indexing started.
[Info  - 4:50:50 PM] Indexing ended. 1 files indexed in 0s.
[Info  - 4:50:51 PM] Indexing started.
[Info  - 4:50:51 PM] Indexing ended. 1 files indexed in 0s.
[Info  - 4:50:53 PM] Indexing started.
[Info  - 4:50:53 PM] Indexing ended. 1 files indexed in 0s.
[Info  - 4:59:10 PM] Indexing started.
[Info  - 4:59:11 PM] Indexing ended. 1 files indexed in 0s.
[Info  - 4:59:34 PM] Indexing started.
[Info  - 4:59:34 PM] Indexing ended. 1 files indexed in 0s.
[Info  - 4:59:37 PM] Indexing started.
[Info  - 4:59:37 PM] Indexing ended. 1 files indexed in 0s.
[Info  - 4:59:46 PM] Indexing started.
[Info  - 4:59:47 PM] Indexing ended. 1 files indexed in 0s.
[Info  - 5:00:29 PM] Indexing started.
[Info  - 5:00:29 PM] Indexing ended. 1 files indexed in 0s.
[Info  - 5:05:25 PM] Indexing started.
[Info  - 5:05:25 PM] Indexing ended. 2 files indexed in 0s.
[Info  - 5:05:33 PM] Indexing started.
[Info  - 5:05:33 PM] Indexing ended. 1 files indexed in 0s.
[Info  - 5:05:38 PM] Indexing started.
[Info  - 5:05:38 PM] Indexing ended. 1 files indexed in 0s.
[Info  - 5:05:47 PM] Indexing started.
[Info  - 5:05:47 PM] Indexing ended. 1 files indexed in 0s.
[Info  - 5:05:56 PM] Indexing started.
[Info  - 5:05:57 PM] Indexing ended. 1 files indexed in 0s.
[Info  - 5:06:09 PM] Indexing started.
[Info  - 5:06:09 PM] Indexing ended. 1 files indexed in 0s.
[Info  - 5:06:15 PM] Indexing started.
[Info  - 5:06:15 PM] Indexing ended. 1 files indexed in 0s.
[Info  - 5:06:21 PM] Indexing started.
[Info  - 5:06:21 PM] Indexing ended. 1 files indexed in 0s.
[Info  - 5:06:34 PM] Indexing started.
[Info  - 5:06:34 PM] Indexing ended. 1 files indexed in 0s.
[Info  - 5:06:39 PM] Indexing started.
[Info  - 5:06:40 PM] Indexing ended. 1 files indexed in 0s.
[Info  - 5:06:45 PM] Indexing started.
[Info  - 5:06:45 PM] Indexing ended. 1 files indexed in 0s.
[Info  - 5:06:49 PM] Indexing started.
[Info  - 5:06:49 PM] Indexing ended. 1 files indexed in 0s.
[Info  - 5:06:52 PM] Indexing started.
[Info  - 5:06:53 PM] Indexing ended. 1 files indexed in 0s.
[Info  - 5:06:59 PM] Indexing started.
[Info  - 5:06:59 PM] Indexing ended. 1 files indexed in 0s.
[Info  - 5:07:11 PM] Indexing started.
[Info  - 5:07:11 PM] Indexing ended. 1 files indexed in 0s.
[Info  - 5:07:13 PM] Indexing started.
[Info  - 5:07:13 PM] Indexing ended. 1 files indexed in 0s.
[Info  - 5:07:20 PM] Indexing started.
[Info  - 5:07:21 PM] Indexing ended. 1 files indexed in 0s.
[Info  - 5:07:27 PM] Indexing started.
[Info  - 5:07:27 PM] Indexing ended. 1 files indexed in 0s.
[Info  - 5:07:29 PM] Indexing started.
[Info  - 5:07:29 PM] Indexing ended. 1 files indexed in 0s.
[Info  - 5:07:31 PM] Indexing started.
[Info  - 5:07:31 PM] Indexing ended. 1 files indexed in 0s.
[Info  - 5:07:33 PM] Indexing started.
[Info  - 5:07:33 PM] Indexing ended. 1 files indexed in 0s.
[Info  - 5:07:35 PM] Indexing started.
[Info  - 5:07:35 PM] Indexing ended. 1 files indexed in 0s.
[Info  - 5:07:37 PM] Indexing started.
[Info  - 5:07:37 PM] Indexing ended. 1 files indexed in 0s.
[Info  - 5:07:47 PM] Indexing started.
[Info  - 5:07:47 PM] Indexing ended. 1 files indexed in 0s.
[Info  - 5:08:03 PM] Indexing started.
[Info  - 5:08:03 PM] Indexing ended. 1 files indexed in 0s.
[Info  - 5:08:10 PM] Indexing started.
[Info  - 5:08:10 PM] Indexing ended. 1 files indexed in 0s.
[Info  - 5:08:14 PM] Indexing started.
[Info  - 5:08:14 PM] Indexing ended. 1 files indexed in 0s.
[Info  - 5:08:16 PM] Indexing started.
[Info  - 5:08:17 PM] Indexing ended. 1 files indexed in 0s.
[Info  - 5:08:22 PM] Indexing started.
[Info  - 5:08:22 PM] Indexing ended. 1 files indexed in 0s.
[Info  - 5:08:25 PM] Indexing started.
[Info  - 5:08:25 PM] Indexing ended. 1 files indexed in 0s.
[Info  - 5:08:27 PM] Indexing started.
[Info  - 5:08:27 PM] Indexing ended. 1 files indexed in 0s.
[Info  - 5:08:40 PM] Indexing started.
[Info  - 5:08:41 PM] Indexing ended. 1 files indexed in 0s.
[Info  - 5:08:45 PM] Indexing started.
[Info  - 5:08:45 PM] Indexing ended. 1 files indexed in 0s.
[Info  - 5:08:50 PM] Indexing started.
[Info  - 5:08:51 PM] Indexing ended. 1 files indexed in 0s.
[Info  - 5:08:57 PM] Indexing started.
[Info  - 5:08:58 PM] Indexing ended. 1 files indexed in 0s.
[Info  - 5:08:59 PM] Indexing started.
[Info  - 5:08:59 PM] Indexing ended. 1 files indexed in 0s.
[Info  - 5:09:09 PM] Indexing started.
[Info  - 5:09:10 PM] Indexing ended. 1 files indexed in 0s.
[Info  - 5:09:25 PM] Indexing started.
[Info  - 5:09:25 PM] Indexing ended. 1 files indexed in 0s.
[Info  - 5:09:37 PM] Indexing started.
[Info  - 5:09:37 PM] Indexing ended. 1 files indexed in 0s.
[Info  - 5:09:42 PM] Indexing started.
[Info  - 5:09:42 PM] Indexing ended. 1 files indexed in 0s.
[Info  - 5:09:48 PM] Indexing started.
[Info  - 5:09:48 PM] Indexing ended. 1 files indexed in 0s.
[Info  - 5:09:49 PM] Indexing started.
[Info  - 5:09:49 PM] Indexing ended. 1 files indexed in 0s.
[Info  - 5:09:57 PM] Indexing started.
[Info  - 5:09:57 PM] Indexing ended. 1 files indexed in 0s.
[Info  - 5:11:01 PM] Indexing started.
[Info  - 5:11:01 PM] Indexing ended. 1 files indexed in 0s.
[Info  - 5:11:03 PM] Indexing started.
[Info  - 5:11:03 PM] Indexing ended. 1 files indexed in 0s.
[Info  - 5:11:06 PM] Indexing started.
[Info  - 5:11:06 PM] Indexing ended. 1 files indexed in 0s.
[Info  - 5:11:22 PM] Indexing started.
[Info  - 5:11:22 PM] Indexing ended. 1 files indexed in 0s.
[Info  - 5:11:24 PM] Indexing started.
[Info  - 5:11:24 PM] Indexing ended. 1 files indexed in 0s.
[Info  - 5:11:26 PM] Indexing started.
[Info  - 5:11:26 PM] Indexing ended. 1 files indexed in 0s.
[Info  - 5:11:30 PM] Indexing started.
[Info  - 5:11:30 PM] Indexing ended. 1 files indexed in 0s.
[Info  - 5:11:31 PM] Indexing started.
[Info  - 5:11:32 PM] Indexing ended. 1 files indexed in 0s.
[Info  - 5:11:35 PM] Indexing started.
[Info  - 5:11:35 PM] Indexing ended. 1 files indexed in 0s.
[Info  - 5:11:36 PM] Indexing started.
[Info  - 5:11:37 PM] Indexing ended. 1 files indexed in 0s.
[Info  - 5:11:40 PM] Indexing started.
[Info  - 5:11:40 PM] Indexing ended. 1 files indexed in 0s.
[Info  - 5:11:42 PM] Indexing started.
[Info  - 5:11:42 PM] Indexing ended. 1 files indexed in 0s.
[Info  - 5:11:48 PM] Indexing started.
[Info  - 5:11:48 PM] Indexing ended. 1 files indexed in 0s.
[Info  - 5:11:52 PM] Indexing started.
[Info  - 5:11:53 PM] Indexing ended. 1 files indexed in 0s.
[Info  - 5:12:09 PM] Indexing started.
[Info  - 5:12:09 PM] Indexing ended. 1 files indexed in 0s.
[Info  - 5:12:15 PM] Indexing started.
[Info  - 5:12:15 PM] Indexing ended. 1 files indexed in 0s.
[Info  - 5:12:17 PM] Indexing started.
[Info  - 5:12:17 PM] Indexing ended. 1 files indexed in 0s.
[Info  - 5:12:19 PM] Indexing started.
[Info  - 5:12:19 PM] Indexing ended. 1 files indexed in 0s.
[Info  - 5:12:25 PM] Indexing started.
[Info  - 5:12:25 PM] Indexing ended. 1 files indexed in 0s.
[Info  - 5:12:26 PM] Indexing started.
[Info  - 5:12:26 PM] Indexing ended. 1 files indexed in 0s.
[Info  - 5:12:28 PM] Indexing started.
[Info  - 5:12:28 PM] Indexing ended. 1 files indexed in 0s.
[Info  - 5:12:30 PM] Indexing started.
[Info  - 5:12:30 PM] Indexing ended. 1 files indexed in 0s.
[Info  - 5:12:45 PM] Indexing started.
[Info  - 5:12:46 PM] Indexing ended. 1 files indexed in 0s.
[Info  - 5:12:52 PM] Indexing started.
[Info  - 5:12:52 PM] Indexing ended. 1 files indexed in 0s.
[Info  - 5:12:56 PM] Indexing started.
[Info  - 5:12:57 PM] Indexing ended. 1 files indexed in 0s.
[Info  - 5:13:00 PM] Indexing started.
[Info  - 5:13:00 PM] Indexing ended. 1 files indexed in 0s.
[Info  - 5:13:02 PM] Indexing started.
[Info  - 5:13:02 PM] Indexing ended. 1 files indexed in 0s.
[Info  - 5:13:03 PM] Indexing started.
[Info  - 5:13:03 PM] Indexing ended. 1 files indexed in 0s.
[Info  - 5:13:05 PM] Indexing started.
[Info  - 5:13:05 PM] Indexing ended. 1 files indexed in 0s.
[Info  - 5:13:11 PM] Indexing started.
[Info  - 5:13:11 PM] Indexing ended. 1 files indexed in 0s.
[Info  - 5:13:14 PM] Indexing started.
[Info  - 5:13:14 PM] Indexing ended. 1 files indexed in 0s.
[Info  - 5:13:16 PM] Indexing started.
[Info  - 5:13:16 PM] Indexing ended. 1 files indexed in 0s.
[Info  - 5:13:21 PM] Indexing started.
[Info  - 5:13:21 PM] Indexing ended. 1 files indexed in 0s.
[Info  - 5:13:23 PM] Indexing started.
[Info  - 5:13:23 PM] Indexing ended. 1 files indexed in 0s.
[Info  - 5:13:31 PM] Indexing started.
[Info  - 5:13:31 PM] Indexing ended. 1 files indexed in 0s.
[Info  - 5:13:35 PM] Indexing started.
[Info  - 5:13:35 PM] Indexing ended. 1 files indexed in 0s.
[Info  - 5:13:51 PM] Indexing started.
[Info  - 5:13:51 PM] Indexing ended. 1 files indexed in 0s.
[Info  - 5:13:54 PM] Indexing started.
[Info  - 5:13:54 PM] Indexing ended. 1 files indexed in 0s.
[Info  - 5:14:06 PM] Indexing started.
[Info  - 5:14:06 PM] Indexing ended. 1 files indexed in 0s.
[Info  - 5:14:10 PM] Indexing started.
[Info  - 5:14:10 PM] Indexing ended. 1 files indexed in 0s.
[Info  - 5:14:17 PM] Indexing started.
[Info  - 5:14:17 PM] Indexing ended. 1 files indexed in 0s.
[Info  - 5:14:23 PM] Indexing started.
[Info  - 5:14:23 PM] Indexing ended. 1 files indexed in 0s.
[Info  - 5:14:29 PM] Indexing started.
[Info  - 5:14:29 PM] Indexing ended. 1 files indexed in 0s.
[Info  - 5:14:34 PM] Indexing started.
[Info  - 5:14:34 PM] Indexing ended. 1 files indexed in 0s.
[Info  - 5:14:38 PM] Indexing started.
[Info  - 5:14:39 PM] Indexing ended. 1 files indexed in 0s.
[Info  - 5:14:42 PM] Indexing started.
[Info  - 5:14:42 PM] Indexing ended. 1 files indexed in 0s.
[Info  - 5:14:44 PM] Indexing started.
[Info  - 5:14:44 PM] Indexing ended. 1 files indexed in 0s.
[Info  - 5:14:55 PM] Indexing started.
[Info  - 5:14:55 PM] Indexing ended. 1 files indexed in 0s.
[Info  - 5:15:01 PM] Indexing started.
[Info  - 5:15:01 PM] Indexing ended. 1 files indexed in 0s.
[Info  - 5:15:13 PM] Indexing started.
[Info  - 5:15:13 PM] Indexing ended. 1 files indexed in 0s.
[Info  - 5:15:18 PM] Indexing started.
[Info  - 5:15:19 PM] Indexing ended. 1 files indexed in 0s.
[Info  - 5:15:20 PM] Indexing started.
[Info  - 5:15:20 PM] Indexing ended. 1 files indexed in 0s.
[Info  - 5:15:45 PM] Indexing started.
[Info  - 5:15:45 PM] Indexing ended. 1 files indexed in 0s.
[Info  - 5:15:50 PM] Indexing started.
[Info  - 5:15:50 PM] Indexing ended. 1 files indexed in 0s.
[Info  - 5:16:23 PM] Indexing started.
[Info  - 5:16:23 PM] Indexing ended. 1 files indexed in 0s.
[Info  - 5:16:43 PM] Indexing started.
[Info  - 5:16:43 PM] Indexing ended. 1 files indexed in 0s.
[Info  - 5:16:45 PM] Indexing started.
[Info  - 5:16:45 PM] Indexing ended. 1 files indexed in 0s.
[Info  - 5:19:34 PM] Indexing started.
[Info  - 5:19:35 PM] Indexing ended. 1 files indexed in 0s.
[Info  - 5:20:27 PM] Indexing started.
[Info  - 5:20:27 PM] Indexing ended. 1 files indexed in 0s.
[Info  - 5:20:59 PM] Indexing started.
[Info  - 5:21:00 PM] Indexing ended. 1 files indexed in 0s.
[Info  - 5:21:18 PM] Indexing started.
[Info  - 5:21:18 PM] Indexing ended. 1 files indexed in 0s.
[Info  - 5:21:42 PM] Indexing started.
[Info  - 5:21:42 PM] Indexing ended. 1 files indexed in 0s.
[Info  - 5:22:13 PM] Indexing started.
[Info  - 5:22:13 PM] Indexing ended. 1 files indexed in 0s.
[Info  - 5:22:21 PM] Indexing started.
[Info  - 5:22:21 PM] Indexing ended. 1 files indexed in 0s.
[Info  - 5:23:58 PM] Indexing started.
[Info  - 5:23:58 PM] Indexing ended. 1 files indexed in 0s.
[Info  - 5:24:12 PM] Indexing started.
[Info  - 5:24:12 PM] Indexing ended. 1 files indexed in 0s.
[Info  - 5:24:14 PM] Indexing started.
[Info  - 5:24:14 PM] Indexing ended. 1 files indexed in 0s.
[Info  - 5:24:39 PM] Indexing started.
[Info  - 5:24:39 PM] Indexing ended. 1 files indexed in 0s.
[Info  - 5:25:37 PM] Indexing started.
[Info  - 5:25:38 PM] Indexing ended. 1 files indexed in 0s.
[Info  - 5:25:44 PM] Indexing started.
[Info  - 5:25:44 PM] Indexing ended. 1 files indexed in 0s.
[Info  - 5:25:50 PM] Indexing started.
[Info  - 5:25:50 PM] Indexing ended. 1 files indexed in 0s.
[Info  - 5:25:55 PM] Indexing started.
[Info  - 5:25:55 PM] Indexing ended. 1 files indexed in 0s.
[Info  - 5:26:03 PM] Indexing started.
[Info  - 5:26:03 PM] Indexing ended. 1 files indexed in 0s.
[Info  - 5:26:09 PM] Indexing started.
[Info  - 5:26:09 PM] Indexing ended. 1 files indexed in 0s.
[Info  - 5:26:20 PM] Indexing started.
[Info  - 5:26:20 PM] Indexing ended. 1 files indexed in 0s.
[Info  - 5:26:22 PM] Indexing started.
[Info  - 5:26:23 PM] Indexing ended. 1 files indexed in 0s.
[Info  - 5:26:31 PM] Indexing started.
[Info  - 5:26:31 PM] Indexing ended. 1 files indexed in 0s.
[Info  - 5:26:34 PM] Indexing started.
[Info  - 5:26:34 PM] Indexing ended. 1 files indexed in 0s.
[Info  - 5:26:37 PM] Indexing started.
[Info  - 5:26:37 PM] Indexing ended. 1 files indexed in 0s.
[Info  - 5:26:40 PM] Indexing started.
[Info  - 5:26:41 PM] Indexing ended. 1 files indexed in 0s.
[Info  - 5:26:42 PM] Indexing started.
[Info  - 5:26:42 PM] Indexing ended. 1 files indexed in 0s.
[Info  - 5:26:46 PM] Indexing started.
[Info  - 5:26:47 PM] Indexing ended. 1 files indexed in 0s.
[Info  - 5:27:09 PM] Indexing started.
[Info  - 5:27:09 PM] Indexing ended. 1 files indexed in 0s.
[Info  - 5:27:13 PM] Indexing started.
[Info  - 5:27:13 PM] Indexing ended. 1 files indexed in 0s.
[Info  - 5:27:18 PM] Indexing started.
[Info  - 5:27:19 PM] Indexing ended. 1 files indexed in 0s.
[Info  - 5:30:49 PM] Indexing started.
[Info  - 5:30:49 PM] Indexing ended. 1 files indexed in 0s.
