[Info  - 3:53:41 PM] Initialising intelephense 1.9.5
[Info  - 3:53:41 PM] Reading state from /home/23SP/23SP_haseebz/.vscode-server/data/User/workspaceStorage/5e7848b333f835f96548b9a1fee36216-1/bmewburn.vscode-intelephense-client/6ab9a9da.
[Info  - 3:53:41 PM] Initialised in 8 ms
[Info  - 3:53:41 PM] Environment changed. Refreshing 1 in memory documents.
[Info  - 3:53:41 PM] Searching file:///home/23SP/23SP_haseebz/.vscode-server/extensions/bmewburn.vscode-intelephense-client-1.9.5/node_modules/intelephense/lib/stub for files to index.
[Info  - 3:53:41 PM] Searching file:///home/23SP/23SP_haseebz for files to index.
[Info  - 3:53:41 PM] Indexing started.
[Info  - 3:53:42 PM] Indexing ended. 225 files indexed in 1s.
[Info  - 3:53:42 PM] Writing state to /home/23SP/23SP_haseebz/.vscode-server/data/User/workspaceStorage/5e7848b333f835f96548b9a1fee36216-1/bmewburn.vscode-intelephense-client/6ab9a9da.
[Info  - 3:53:43 PM] Wrote state in 0.2s.
[Info  - 3:54:24 PM] Indexing started.
[Info  - 3:54:25 PM] Indexing ended. 1 files indexed in 0s.
[Info  - 3:54:39 PM] Indexing started.
[Info  - 3:54:39 PM] Indexing ended. 1 files indexed in 0s.
[Info  - 3:54:50 PM] Indexing started.
[Info  - 3:54:50 PM] Indexing ended. 1 files indexed in 0s.
[Info  - 3:54:54 PM] Indexing started.
[Info  - 3:54:54 PM] Indexing ended. 1 files indexed in 0s.
[Info  - 3:55:00 PM] Indexing started.
[Info  - 3:55:01 PM] Indexing ended. 1 files indexed in 0s.
[Info  - 3:55:08 PM] Indexing started.
[Info  - 3:55:08 PM] Indexing ended. 1 files indexed in 0s.
[Info  - 3:55:11 PM] Indexing started.
[Info  - 3:55:11 PM] Indexing ended. 1 files indexed in 0s.
[Info  - 3:55:15 PM] Indexing started.
[Info  - 3:55:16 PM] Indexing ended. 1 files indexed in 0s.
[Info  - 3:55:18 PM] Indexing started.
[Info  - 3:55:18 PM] Indexing ended. 1 files indexed in 0s.
[Info  - 3:55:22 PM] Indexing started.
[Info  - 3:55:22 PM] Indexing ended. 1 files indexed in 0s.
[Info  - 3:55:24 PM] Indexing started.
[Info  - 3:55:24 PM] Indexing ended. 1 files indexed in 0s.
[Info  - 3:55:26 PM] Indexing started.
[Info  - 3:55:26 PM] Indexing ended. 1 files indexed in 0s.
[Info  - 3:55:32 PM] Indexing started.
[Info  - 3:55:32 PM] Indexing ended. 1 files indexed in 0s.
[Info  - 3:55:34 PM] Indexing started.
[Info  - 3:55:34 PM] Indexing ended. 1 files indexed in 0s.
[Info  - 3:55:38 PM] Indexing started.
[Info  - 3:55:38 PM] Indexing ended. 1 files indexed in 0s.
[Info  - 3:55:41 PM] Indexing started.
[Info  - 3:55:41 PM] Indexing ended. 1 files indexed in 0s.
[Info  - 3:55:43 PM] Indexing started.
[Info  - 3:55:43 PM] Indexing ended. 1 files indexed in 0s.
[Info  - 3:55:53 PM] Indexing started.
[Info  - 3:55:53 PM] Indexing ended. 1 files indexed in 0s.
[Info  - 3:56:10 PM] Indexing started.
[Info  - 3:56:10 PM] Indexing ended. 1 files indexed in 0s.
[Info  - 3:56:23 PM] Indexing started.
[Info  - 3:56:23 PM] Indexing ended. 1 files indexed in 0s.
[Info  - 3:56:36 PM] Indexing started.
[Info  - 3:56:36 PM] Indexing ended. 1 files indexed in 0s.
[Info  - 3:58:25 PM] Indexing started.
[Info  - 3:58:25 PM] Indexing ended. 1 files indexed in 0s.
[Info  - 3:58:48 PM] Indexing started.
[Info  - 3:58:48 PM] Indexing ended. 1 files indexed in 0s.
[Info  - 3:59:05 PM] Indexing started.
[Info  - 3:59:05 PM] Indexing ended. 1 files indexed in 0s.
[Info  - 3:59:19 PM] Indexing started.
[Info  - 3:59:19 PM] Indexing ended. 2 files indexed in 0s.
[Info  - 3:59:20 PM] Indexing started.
[Info  - 3:59:20 PM] Indexing ended. 1 files indexed in 0s.
[Info  - 3:59:26 PM] Indexing started.
[Info  - 3:59:26 PM] Indexing ended. 1 files indexed in 0s.
[Info  - 3:59:34 PM] Indexing started.
[Info  - 3:59:34 PM] Indexing ended. 1 files indexed in 0s.
[Info  - 3:59:40 PM] Indexing started.
[Info  - 3:59:41 PM] Indexing ended. 1 files indexed in 0s.
