[2023-04-06T16:35:14.647Z] Log level: Info
[2023-04-06T16:35:14.649Z] [info] Validating found git in: git
[2023-04-06T16:35:14.677Z] [info] Using git 2.31.1 from git
[2023-04-06T16:35:14.691Z] > git rev-parse --show-toplevel [2ms]
[2023-04-06T16:35:14.691Z] fatal: not a git repository (or any of the parent directories): .git
[2023-04-06T16:35:14.701Z] > git rev-parse --show-toplevel [1ms]
[2023-04-06T16:35:14.701Z] fatal: not a git repository (or any of the parent directories): .git
[2023-04-06T16:35:14.708Z] > git rev-parse --show-toplevel [1ms]
[2023-04-06T16:35:14.708Z] fatal: not a git repository (or any of the parent directories): .git
[2023-04-06T16:35:14.714Z] > git rev-parse --show-toplevel [1ms]
[2023-04-06T16:35:14.714Z] fatal: not a git repository (or any of the parent directories): .git
[2023-04-06T16:35:15.214Z] > git rev-parse --show-toplevel [10ms]
[2023-04-06T16:35:15.214Z] fatal: not a git repository (or any of the parent directories): .git
[2023-04-06T16:35:15.221Z] > git rev-parse --show-toplevel [3ms]
[2023-04-06T16:35:15.221Z] fatal: not a git repository (or any of the parent directories): .git
[2023-04-06T16:35:19.163Z] > git rev-parse --show-toplevel [1ms]
[2023-04-06T16:35:19.163Z] fatal: not a git repository (or any of the parent directories): .git
[2023-04-06T16:35:46.901Z] > git rev-parse --show-toplevel [4ms]
[2023-04-06T16:35:46.901Z] fatal: not a git repository (or any of the parent directories): .git
[2023-04-06T16:36:08.908Z] > git rev-parse --show-toplevel [2ms]
[2023-04-06T16:36:08.908Z] fatal: not a git repository (or any of the parent directories): .git
[2023-04-06T16:36:10.288Z] > git rev-parse --show-toplevel [2ms]
[2023-04-06T16:36:10.288Z] fatal: not a git repository (or any of the parent directories): .git
[2023-04-06T16:36:18.794Z] > git rev-parse --show-toplevel [3ms]
[2023-04-06T16:36:18.794Z] fatal: not a git repository (or any of the parent directories): .git
[2023-04-06T16:36:20.312Z] > git rev-parse --show-toplevel [2ms]
[2023-04-06T16:36:20.312Z] fatal: not a git repository (or any of the parent directories): .git
[2023-04-06T16:36:24.372Z] > git rev-parse --show-toplevel [2ms]
[2023-04-06T16:36:24.372Z] fatal: not a git repository (or any of the parent directories): .git
[2023-04-06T16:36:43.667Z] > git rev-parse --show-toplevel [2ms]
[2023-04-06T16:36:43.667Z] fatal: not a git repository (or any of the parent directories): .git
[2023-04-06T16:39:57.344Z] > git rev-parse --show-toplevel [1ms]
[2023-04-06T16:39:57.344Z] fatal: not a git repository (or any of the parent directories): .git
[2023-04-06T16:39:59.892Z] > git rev-parse --show-toplevel [1ms]
[2023-04-06T16:39:59.892Z] fatal: not a git repository (or any of the parent directories): .git
[2023-04-06T16:40:06.189Z] > git rev-parse --show-toplevel [3ms]
[2023-04-06T16:40:06.189Z] fatal: not a git repository (or any of the parent directories): .git
[2023-04-06T16:40:08.282Z] > git rev-parse --show-toplevel [1ms]
[2023-04-06T16:40:08.282Z] fatal: not a git repository (or any of the parent directories): .git
[2023-04-06T16:40:37.696Z] > git rev-parse --show-toplevel [2ms]
[2023-04-06T16:40:37.696Z] fatal: not a git repository (or any of the parent directories): .git
[2023-04-06T16:40:41.494Z] > git rev-parse --show-toplevel [2ms]
[2023-04-06T16:40:41.494Z] fatal: not a git repository (or any of the parent directories): .git
[2023-04-06T16:47:34.902Z] > git rev-parse --show-toplevel [1ms]
[2023-04-06T16:47:34.902Z] fatal: not a git repository (or any of the parent directories): .git
[2023-04-06T16:47:37.270Z] > git rev-parse --show-toplevel [1ms]
[2023-04-06T16:47:37.270Z] fatal: not a git repository (or any of the parent directories): .git
[2023-04-06T16:47:40.195Z] > git rev-parse --show-toplevel [2ms]
[2023-04-06T16:47:40.195Z] fatal: not a git repository (or any of the parent directories): .git
[2023-04-06T16:47:46.608Z] > git rev-parse --show-toplevel [1ms]
[2023-04-06T16:47:46.608Z] fatal: not a git repository (or any of the parent directories): .git
[2023-04-06T16:47:56.375Z] > git rev-parse --show-toplevel [1ms]
[2023-04-06T16:47:56.375Z] fatal: not a git repository (or any of the parent directories): .git
[2023-04-06T16:52:52.137Z] > git rev-parse --show-toplevel [1ms]
[2023-04-06T16:52:52.137Z] fatal: not a git repository (or any of the parent directories): .git
[2023-04-06T17:46:30.608Z] > git rev-parse --show-toplevel [2ms]
[2023-04-06T17:46:30.608Z] fatal: not a git repository (or any of the parent directories): .git
