
PHP Tools server started.
    PID: 704096
    Processing files: *.php; *.phtml

> 2 file system change(s) ...
> 1 file system change(s) ...
> 1 file system change(s) ...
> 1 file system change(s) ...
> 2 file system change(s) ...
> 1 file system change(s) ...
> 1 file system change(s) ...
> 1 file system change(s) ...
> 1 file system change(s) ...
> 1 file system change(s) ...
> 1 file system change(s) ...
> 2 file system change(s) ...
> 1 file system change(s) ...
> 1 file system change(s) ...
> 1 file system change(s) ...
> 1 file system change(s) ...
> 1 file system change(s) ...
> 1 file system change(s) ...
> 1 file system change(s) ...
> 1 file system change(s) ...
[Warn  - 12:42:28 PM] Attempting to convert '{"label":"anfn","description":"anonymousFunction"}' to String. Ignoring.
> 1 file system change(s) ...
> 1 file system change(s) ...
> 1 file system change(s) ...
> 1 file system change(s) ...
> 1 file system change(s) ...
> 1 file system change(s) ...
> 1 file system change(s) ...
> 1 file system change(s) ...
> 1 file system change(s) ...
> 1 file system change(s) ...
