0 verbose cli /usr/bin/node /usr/local/bin/npm
1 info using npm@9.1.3
2 info using node@v16.18.1
3 timing npm:load:whichnode Completed in 0ms
4 timing config:load:defaults Completed in 2ms
5 timing config:load:file:/usr/local/lib/node_modules/npm/npmrc Completed in 0ms
6 timing config:load:builtin Completed in 0ms
7 timing config:load:cli Completed in 2ms
8 timing config:load:env Completed in 0ms
9 timing config:load:file:/home/23SP/23SP_haseebz/.cache/typescript/4.7/.npmrc Completed in 0ms
10 timing config:load:project Completed in 1ms
11 timing config:load:file:/home/23SP/23SP_haseebz/.npmrc Completed in 0ms
12 timing config:load:user Completed in 0ms
13 timing config:load:file:/usr/etc/npmrc Completed in 1ms
14 timing config:load:global Completed in 1ms
15 timing config:load:setEnvs Completed in 1ms
16 timing config:load Completed in 9ms
17 timing npm:load:configload Completed in 9ms
18 timing npm:load:mkdirpcache Completed in 0ms
19 timing npm:load:mkdirplogs Completed in 0ms
20 verbose title npm install types-registry@latest
21 verbose argv "install" "--ignore-scripts" "types-registry@latest"
22 timing npm:load:setTitle Completed in 1ms
23 timing config:load:flatten Completed in 2ms
24 timing npm:load:display Completed in 3ms
25 verbose logfile logs-max:10 dir:/home/23SP/23SP_haseebz/.npm/_logs/2023-04-10T18_11_04_827Z-
26 verbose logfile /home/23SP/23SP_haseebz/.npm/_logs/2023-04-10T18_11_04_827Z-debug-0.log
27 timing npm:load:logFile Completed in 4ms
28 timing npm:load:timers Completed in 0ms
29 timing npm:load:configScope Completed in 0ms
30 timing npm:load Completed in 19ms
31 silly logfile done cleaning log files
32 timing config:load:flatten Completed in 1ms
33 timing arborist:ctor Completed in 1ms
34 timing arborist:ctor Completed in 0ms
35 timing idealTree:init Completed in 9ms
36 http fetch GET 200 https://registry.npmjs.org/npm 156ms (cache miss)
37 http fetch GET 200 https://registry.npmjs.org/types-registry 164ms (cache miss)
38 timing idealTree:userRequests Completed in 170ms
39 silly idealTree buildDeps
40 silly fetch manifest types-registry@0.1.639
41 silly placeDep ROOT types-registry@0.1.639 OK for:  want: 0.1.639
42 timing idealTree:#root Completed in 6ms
43 timing idealTree:node_modules/types-registry Completed in 0ms
44 timing idealTree:buildDeps Completed in 7ms
45 timing idealTree:fixDepFlags Completed in 0ms
46 timing idealTree Completed in 187ms
47 timing reify:loadTrees Completed in 188ms
48 timing reify:diffTrees Completed in 1ms
49 silly reify moves {}
50 timing reify:retireShallow Completed in 2ms
51 timing reify:createSparse Completed in 1ms
52 timing reify:loadBundles Completed in 0ms
53 silly audit bulk request { 'types-registry': [ '0.1.639' ] }
54 silly tarball no local data for types-registry@https://registry.npmjs.org/types-registry/-/types-registry-0.1.639.tgz. Extracting by manifest.
55 http fetch GET 200 https://registry.npmjs.org/types-registry/-/types-registry-0.1.639.tgz 52ms (cache miss)
56 timing reifyNode:node_modules/types-registry Completed in 58ms
57 timing reify:unpack Completed in 59ms
58 timing reify:unretire Completed in 0ms
59 timing build:queue Completed in 0ms
60 timing build:deps Completed in 1ms
61 timing build Completed in 1ms
62 timing reify:build Completed in 1ms
63 timing reify:trash Completed in 0ms
64 timing reify:save Completed in 4ms
65 http fetch POST 200 https://registry.npmjs.org/-/npm/v1/security/advisories/bulk 112ms
66 timing auditReport:getReport Completed in 113ms
67 silly audit report {}
68 timing auditReport:init Completed in 0ms
69 timing reify:audit Completed in 114ms
70 timing reify Completed in 332ms
71 silly ADD node_modules/types-registry
72 timing command:install Completed in 337ms
73 notice
73 notice New minor version of npm available! 9.1.3 -> 9.6.4
73 notice Changelog: <https://github.com/npm/cli/releases/tag/v9.6.4>
73 notice Run `npm install -g npm@9.6.4` to update!
73 notice
74 verbose exit 0
75 timing npm Completed in 372ms
76 info ok
