[Info  - 11:44:32 AM] Initialising intelephense 1.9.5
[Info  - 11:44:32 AM] Reading state from /home/23SP/23SP_haseebz/.vscode-server/data/User/workspaceStorage/5e7848b333f835f96548b9a1fee36216/bmewburn.vscode-intelephense-client/6ab9a9da.
[Info  - 11:44:33 AM] Initialised in 298 ms
[Info  - 11:44:33 AM] Searching file:///home/23SP/23SP_haseebz/.vscode-server/extensions/bmewburn.vscode-intelephense-client-1.9.5/node_modules/intelephense/lib/stub for files to index.
[Info  - 11:44:33 AM] Searching file:///home/23SP/23SP_haseebz for files to index.
[Info  - 11:46:52 AM] Indexing started.
[Info  - 11:46:52 AM] Indexing ended. 1 files indexed in 0s.
[Info  - 11:48:04 AM] Indexing started.
[Info  - 11:48:04 AM] Indexing ended. 1 files indexed in 0s.
[Info  - 11:48:17 AM] Indexing started.
[Info  - 11:48:17 AM] Indexing ended. 1 files indexed in 0s.
[Info  - 11:49:58 AM] Indexing started.
[Info  - 11:49:58 AM] Indexing ended. 1 files indexed in 0s.
[Info  - 11:53:56 AM] Indexing started.
[Info  - 11:53:56 AM] Indexing ended. 1 files indexed in 0s.
[Info  - 12:07:03 PM] Indexing started.
[Info  - 12:07:03 PM] Indexing ended. 2 files indexed in 0s.
[Info  - 12:07:06 PM] Indexing started.
[Info  - 12:07:06 PM] Indexing ended. 1 files indexed in 0s.
[Info  - 12:07:07 PM] Indexing started.
[Info  - 12:07:08 PM] Indexing ended. 1 files indexed in 0s.
[Info  - 12:07:15 PM] Indexing started.
[Info  - 12:07:16 PM] Indexing ended. 1 files indexed in 0s.
[Info  - 12:07:18 PM] Indexing started.
[Info  - 12:07:18 PM] Indexing ended. 1 files indexed in 0s.
[Info  - 12:07:20 PM] Indexing started.
[Info  - 12:07:20 PM] Indexing ended. 1 files indexed in 0s.
[Info  - 12:07:28 PM] Indexing started.
[Info  - 12:07:28 PM] Indexing ended. 1 files indexed in 0s.
[Info  - 12:07:30 PM] Indexing started.
[Info  - 12:07:30 PM] Indexing ended. 1 files indexed in 0s.
[Info  - 12:07:34 PM] Indexing started.
[Info  - 12:07:34 PM] Indexing ended. 1 files indexed in 0s.
[Info  - 12:07:56 PM] Indexing started.
[Info  - 12:07:56 PM] Indexing ended. 2 files indexed in 0s.
[Info  - 12:12:44 PM] Indexing started.
[Info  - 12:12:44 PM] Indexing ended. 1 files indexed in 0s.
[Info  - 12:12:49 PM] Indexing started.
[Info  - 12:12:49 PM] Indexing ended. 1 files indexed in 0s.
[Info  - 12:12:56 PM] Indexing started.
[Info  - 12:12:56 PM] Indexing ended. 1 files indexed in 0s.
[Info  - 12:13:02 PM] Indexing started.
[Info  - 12:13:02 PM] Indexing ended. 1 files indexed in 0s.
[Info  - 12:13:08 PM] Indexing started.
[Info  - 12:13:09 PM] Indexing ended. 1 files indexed in 0s.
[Info  - 12:13:29 PM] Indexing started.
[Info  - 12:13:29 PM] Indexing ended. 1 files indexed in 0s.
[Info  - 12:13:36 PM] Indexing started.
[Info  - 12:13:37 PM] Indexing ended. 1 files indexed in 0s.
[Info  - 12:16:40 PM] Indexing started.
[Info  - 12:16:40 PM] Indexing ended. 1 files indexed in 0s.
[Info  - 12:16:47 PM] Indexing started.
[Info  - 12:16:47 PM] Indexing ended. 1 files indexed in 0s.
[Info  - 12:17:25 PM] Indexing started.
[Info  - 12:17:25 PM] Indexing ended. 1 files indexed in 0s.
[Info  - 12:17:27 PM] Indexing started.
[Info  - 12:17:27 PM] Indexing ended. 1 files indexed in 0s.
[Info  - 12:19:23 PM] Indexing started.
[Info  - 12:19:23 PM] Indexing ended. 1 files indexed in 0s.
[Info  - 12:19:55 PM] Indexing started.
[Info  - 12:19:55 PM] Indexing ended. 1 files indexed in 0s.
[Info  - 12:23:29 PM] Indexing started.
[Info  - 12:23:29 PM] Indexing ended. 1 files indexed in 0s.
[Info  - 12:23:45 PM] Indexing started.
[Info  - 12:23:46 PM] Indexing ended. 1 files indexed in 0s.
[Info  - 12:24:09 PM] Indexing started.
[Info  - 12:24:10 PM] Indexing ended. 1 files indexed in 0s.
[Info  - 12:24:42 PM] Indexing started.
[Info  - 12:24:43 PM] Indexing ended. 1 files indexed in 0s.
[Info  - 12:24:49 PM] Indexing started.
[Info  - 12:24:49 PM] Indexing ended. 1 files indexed in 0s.
[Info  - 12:25:42 PM] Indexing started.
[Info  - 12:25:42 PM] Indexing ended. 1 files indexed in 0s.
[Info  - 12:25:59 PM] Indexing started.
[Info  - 12:25:59 PM] Indexing ended. 1 files indexed in 0s.
[Info  - 12:26:04 PM] Indexing started.
[Info  - 12:26:04 PM] Indexing ended. 1 files indexed in 0s.
[Info  - 12:26:09 PM] Indexing started.
[Info  - 12:26:09 PM] Indexing ended. 1 files indexed in 0s.
[Info  - 12:26:20 PM] Indexing started.
[Info  - 12:26:20 PM] Indexing ended. 1 files indexed in 0s.
[Info  - 12:26:28 PM] Indexing started.
[Info  - 12:26:28 PM] Indexing ended. 1 files indexed in 0s.
[Info  - 12:26:35 PM] Indexing started.
[Info  - 12:26:35 PM] Indexing ended. 1 files indexed in 0s.
[Info  - 12:26:44 PM] Indexing started.
[Info  - 12:26:44 PM] Indexing ended. 1 files indexed in 0s.
[Info  - 12:26:57 PM] Indexing started.
[Info  - 12:26:57 PM] Indexing ended. 1 files indexed in 0s.
[Info  - 12:27:00 PM] Indexing started.
[Info  - 12:27:00 PM] Indexing ended. 1 files indexed in 0s.
[Info  - 12:27:09 PM] Indexing started.
[Info  - 12:27:10 PM] Indexing ended. 1 files indexed in 0s.
[Info  - 12:27:19 PM] Indexing started.
[Info  - 12:27:19 PM] Indexing ended. 1 files indexed in 0s.
[Info  - 12:27:25 PM] Indexing started.
[Info  - 12:27:25 PM] Indexing ended. 1 files indexed in 0s.
[Info  - 12:27:32 PM] Indexing started.
[Info  - 12:27:32 PM] Indexing ended. 1 files indexed in 0s.
[Info  - 12:27:43 PM] Indexing started.
[Info  - 12:27:43 PM] Indexing ended. 1 files indexed in 0s.
[Info  - 12:27:47 PM] Indexing started.
[Info  - 12:27:47 PM] Indexing ended. 1 files indexed in 0s.
[Info  - 12:27:50 PM] Indexing started.
[Info  - 12:27:50 PM] Indexing ended. 1 files indexed in 0s.
[Info  - 12:27:55 PM] Indexing started.
[Info  - 12:27:55 PM] Indexing ended. 1 files indexed in 0s.
[Info  - 12:28:02 PM] Indexing started.
[Info  - 12:28:02 PM] Indexing ended. 1 files indexed in 0s.
[Info  - 12:28:10 PM] Indexing started.
[Info  - 12:28:11 PM] Indexing ended. 1 files indexed in 0s.
[Info  - 12:28:18 PM] Indexing started.
[Info  - 12:28:19 PM] Indexing ended. 1 files indexed in 0s.
[Info  - 12:28:30 PM] Indexing started.
[Info  - 12:28:30 PM] Indexing ended. 1 files indexed in 0s.
[Info  - 12:28:34 PM] Indexing started.
[Info  - 12:28:34 PM] Indexing ended. 1 files indexed in 0s.
[Info  - 12:28:44 PM] Indexing started.
[Info  - 12:28:44 PM] Indexing ended. 1 files indexed in 0s.
[Info  - 12:28:48 PM] Indexing started.
[Info  - 12:28:48 PM] Indexing ended. 1 files indexed in 0s.
[Info  - 12:28:51 PM] Indexing started.
[Info  - 12:28:51 PM] Indexing ended. 1 files indexed in 0s.
[Info  - 12:28:53 PM] Indexing started.
[Info  - 12:28:53 PM] Indexing ended. 1 files indexed in 0s.
[Info  - 12:28:58 PM] Indexing started.
[Info  - 12:28:58 PM] Indexing ended. 1 files indexed in 0s.
[Info  - 12:29:02 PM] Indexing started.
[Info  - 12:29:02 PM] Indexing ended. 1 files indexed in 0s.
[Info  - 12:29:07 PM] Indexing started.
[Info  - 12:29:07 PM] Indexing ended. 1 files indexed in 0s.
[Info  - 12:29:11 PM] Indexing started.
[Info  - 12:29:11 PM] Indexing ended. 1 files indexed in 0s.
[Info  - 12:29:15 PM] Indexing started.
[Info  - 12:29:15 PM] Indexing ended. 1 files indexed in 0s.
[Info  - 12:29:23 PM] Indexing started.
[Info  - 12:29:23 PM] Indexing ended. 1 files indexed in 0s.
[Info  - 12:29:31 PM] Indexing started.
[Info  - 12:29:31 PM] Indexing ended. 1 files indexed in 0s.
[Info  - 12:29:35 PM] Indexing started.
[Info  - 12:29:35 PM] Indexing ended. 1 files indexed in 0s.
[Info  - 12:29:39 PM] Indexing started.
[Info  - 12:29:39 PM] Indexing ended. 1 files indexed in 0s.
[Info  - 12:31:54 PM] Indexing started.
[Info  - 12:31:54 PM] Indexing ended. 1 files indexed in 0s.
[Info  - 12:33:44 PM] Indexing started.
[Info  - 12:33:44 PM] Indexing ended. 1 files indexed in 0s.
[Info  - 12:52:16 PM] Indexing started.
[Info  - 12:52:16 PM] Indexing ended. 1 files indexed in 0s.
[Info  - 12:52:21 PM] Indexing started.
[Info  - 12:52:21 PM] Indexing ended. 1 files indexed in 0s.
[Info  - 1:08:08 PM] Indexing started.
[Info  - 1:08:09 PM] Indexing ended. 1 files indexed in 0s.
[Info  - 1:08:11 PM] Indexing started.
[Info  - 1:08:11 PM] Indexing ended. 1 files indexed in 0s.
