[Info  - 1:15:54 PM] Initialising intelephense 1.9.5
[Info  - 1:15:54 PM] Reading state from /home/23SP/23SP_haseebz/.vscode-server/data/User/workspaceStorage/5e7848b333f835f96548b9a1fee36216-1/bmewburn.vscode-intelephense-client/6ab9a9da.
[Info  - 1:15:54 PM] Initialised in 204 ms
[Info  - 1:15:54 PM] Searching file:///home/23SP/23SP_haseebz/.vscode-server/extensions/bmewburn.vscode-intelephense-client-1.9.5/node_modules/intelephense/lib/stub for files to index.
[Info  - 1:15:54 PM] Searching file:///home/23SP/23SP_haseebz for files to index.
[Info  - 1:15:54 PM] Indexing started.
[Info  - 1:15:56 PM] Indexing ended. 662 files indexed in 1s.
[Info  - 1:15:56 PM] Writing state to /home/23SP/23SP_haseebz/.vscode-server/data/User/workspaceStorage/5e7848b333f835f96548b9a1fee36216-1/bmewburn.vscode-intelephense-client/6ab9a9da.
[Info  - 1:15:56 PM] Wrote state in 0.2s.
[Info  - 1:16:34 PM] Indexing started.
[Info  - 1:16:34 PM] Indexing ended. 1 files indexed in 0s.
[Info  - 1:16:39 PM] Indexing started.
[Info  - 1:16:39 PM] Indexing ended. 1 files indexed in 0s.
[Info  - 1:19:31 PM] Indexing started.
[Info  - 1:19:31 PM] Indexing ended. 1 files indexed in 0s.
[Info  - 1:19:43 PM] Indexing started.
[Info  - 1:19:44 PM] Indexing ended. 1 files indexed in 0s.
[Info  - 1:20:11 PM] Indexing started.
[Info  - 1:20:11 PM] Indexing ended. 1 files indexed in 0s.
[Info  - 1:41:36 PM] Indexing started.
[Info  - 1:41:36 PM] Indexing ended. 1 files indexed in 0s.
[Info  - 1:41:38 PM] Indexing started.
[Info  - 1:41:39 PM] Indexing ended. 1 files indexed in 0s.
[Info  - 1:41:47 PM] Indexing started.
[Info  - 1:41:47 PM] Indexing ended. 1 files indexed in 0s.
[Info  - 1:41:49 PM] Indexing started.
[Info  - 1:41:49 PM] Indexing ended. 1 files indexed in 0s.
[Info  - 1:41:57 PM] Indexing started.
[Info  - 1:41:57 PM] Indexing ended. 1 files indexed in 0s.
[Info  - 1:42:25 PM] Indexing started.
[Info  - 1:42:25 PM] Indexing ended. 1 files indexed in 0s.
[Info  - 1:42:34 PM] Indexing started.
[Info  - 1:42:34 PM] Indexing ended. 1 files indexed in 0s.
[Info  - 1:42:36 PM] Indexing started.
[Info  - 1:42:36 PM] Indexing ended. 1 files indexed in 0s.
[Info  - 1:42:49 PM] Indexing started.
[Info  - 1:42:49 PM] Indexing ended. 1 files indexed in 0s.
[Info  - 1:42:53 PM] Indexing started.
[Info  - 1:42:54 PM] Indexing ended. 1 files indexed in 0s.
[Info  - 1:43:01 PM] Indexing started.
[Info  - 1:43:01 PM] Indexing ended. 1 files indexed in 0s.
[Info  - 1:43:07 PM] Indexing started.
[Info  - 1:43:07 PM] Indexing ended. 1 files indexed in 0s.
[Info  - 1:43:09 PM] Indexing started.
[Info  - 1:43:09 PM] Indexing ended. 1 files indexed in 0s.
[Info  - 1:43:18 PM] Indexing started.
[Info  - 1:43:19 PM] Indexing ended. 1 files indexed in 0s.
[Info  - 1:43:22 PM] Indexing started.
[Info  - 1:43:22 PM] Indexing ended. 1 files indexed in 0s.
[Info  - 1:43:24 PM] Indexing started.
[Info  - 1:43:24 PM] Indexing ended. 1 files indexed in 0s.
[Info  - 1:43:25 PM] Indexing started.
[Info  - 1:43:26 PM] Indexing ended. 1 files indexed in 0s.
[Info  - 1:43:37 PM] Indexing started.
[Info  - 1:43:37 PM] Indexing ended. 1 files indexed in 0s.
[Info  - 1:43:46 PM] Indexing started.
[Info  - 1:43:46 PM] Indexing ended. 1 files indexed in 0s.
[Info  - 1:43:52 PM] Indexing started.
[Info  - 1:43:52 PM] Indexing ended. 1 files indexed in 0s.
[Info  - 1:44:08 PM] Indexing started.
[Info  - 1:44:08 PM] Indexing ended. 1 files indexed in 0s.
[Info  - 1:44:15 PM] Indexing started.
[Info  - 1:44:15 PM] Indexing ended. 1 files indexed in 0s.
[Info  - 1:44:22 PM] Indexing started.
[Info  - 1:44:22 PM] Indexing ended. 1 files indexed in 0s.
[Info  - 1:44:25 PM] Indexing started.
[Info  - 1:44:25 PM] Indexing ended. 1 files indexed in 0s.
[Info  - 1:44:28 PM] Indexing started.
[Info  - 1:44:28 PM] Indexing ended. 1 files indexed in 0s.
[Info  - 1:44:33 PM] Indexing started.
[Info  - 1:44:33 PM] Indexing ended. 1 files indexed in 0s.
[Info  - 1:44:36 PM] Indexing started.
[Info  - 1:44:36 PM] Indexing ended. 1 files indexed in 0s.
[Info  - 1:44:39 PM] Indexing started.
[Info  - 1:44:40 PM] Indexing ended. 1 files indexed in 0s.
[Info  - 1:44:43 PM] Indexing started.
[Info  - 1:44:43 PM] Indexing ended. 1 files indexed in 0s.
[Info  - 1:44:50 PM] Indexing started.
[Info  - 1:44:50 PM] Indexing ended. 1 files indexed in 0s.
[Info  - 1:45:22 PM] Indexing started.
[Info  - 1:45:22 PM] Indexing ended. 1 files indexed in 0s.
[Info  - 1:45:26 PM] Indexing started.
[Info  - 1:45:26 PM] Indexing ended. 1 files indexed in 0s.
[Info  - 1:45:30 PM] Indexing started.
[Info  - 1:45:30 PM] Indexing ended. 1 files indexed in 0s.
[Info  - 1:45:37 PM] Indexing started.
[Info  - 1:45:37 PM] Indexing ended. 1 files indexed in 0s.
[Info  - 1:45:40 PM] Indexing started.
[Info  - 1:45:40 PM] Indexing ended. 1 files indexed in 0s.
[Info  - 1:45:46 PM] Indexing started.
[Info  - 1:45:46 PM] Indexing ended. 1 files indexed in 0s.
[Info  - 1:45:49 PM] Indexing started.
[Info  - 1:45:49 PM] Indexing ended. 1 files indexed in 0s.
[Info  - 1:45:50 PM] Indexing started.
[Info  - 1:45:50 PM] Indexing ended. 1 files indexed in 0s.
[Info  - 1:45:56 PM] Indexing started.
[Info  - 1:45:56 PM] Indexing ended. 1 files indexed in 0s.
[Info  - 1:46:33 PM] Indexing started.
[Info  - 1:46:33 PM] Indexing ended. 1 files indexed in 0s.
[Info  - 1:46:40 PM] Indexing started.
[Info  - 1:46:41 PM] Indexing ended. 1 files indexed in 0s.
[Info  - 1:46:49 PM] Indexing started.
[Info  - 1:46:49 PM] Indexing ended. 1 files indexed in 0s.
[Info  - 1:47:23 PM] Indexing started.
[Info  - 1:47:23 PM] Indexing ended. 2 files indexed in 0s.
[Info  - 1:47:23 PM] Indexing started.
[Info  - 1:47:23 PM] Indexing ended. 1 files indexed in 0s.
[Info  - 1:47:33 PM] Indexing started.
[Info  - 1:47:33 PM] Indexing ended. 1 files indexed in 0s.
[Info  - 1:47:50 PM] Indexing started.
[Info  - 1:47:50 PM] Indexing ended. 1 files indexed in 0s.
[Info  - 1:47:56 PM] Indexing started.
[Info  - 1:47:56 PM] Indexing ended. 1 files indexed in 0s.
[Info  - 1:48:04 PM] Indexing started.
[Info  - 1:48:05 PM] Indexing ended. 1 files indexed in 0s.
[Info  - 1:48:23 PM] Indexing started.
[Info  - 1:48:23 PM] Indexing ended. 1 files indexed in 0s.
[Info  - 1:48:40 PM] Indexing started.
[Info  - 1:48:40 PM] Indexing ended. 1 files indexed in 0s.
[Info  - 1:48:53 PM] Indexing started.
[Info  - 1:48:53 PM] Indexing ended. 1 files indexed in 0s.
[Info  - 1:49:07 PM] Indexing started.
[Info  - 1:49:08 PM] Indexing ended. 1 files indexed in 0s.
[Info  - 1:50:50 PM] Indexing started.
[Info  - 1:50:50 PM] Indexing ended. 1 files indexed in 0s.
[Info  - 1:50:56 PM] Indexing started.
[Info  - 1:50:56 PM] Indexing ended. 1 files indexed in 0s.
[Info  - 1:51:09 PM] Indexing started.
[Info  - 1:51:09 PM] Indexing ended. 1 files indexed in 0s.
[Info  - 1:51:11 PM] Indexing started.
[Info  - 1:51:12 PM] Indexing ended. 1 files indexed in 0s.
[Info  - 1:51:22 PM] Indexing started.
[Info  - 1:51:23 PM] Indexing ended. 1 files indexed in 0s.
[Info  - 1:51:55 PM] Indexing started.
[Info  - 1:51:55 PM] Indexing ended. 1 files indexed in 0s.
[Info  - 1:52:03 PM] Indexing started.
[Info  - 1:52:03 PM] Indexing ended. 1 files indexed in 0s.
[Info  - 1:52:07 PM] Indexing started.
[Info  - 1:52:07 PM] Indexing ended. 1 files indexed in 0s.
[Info  - 1:52:09 PM] Indexing started.
[Info  - 1:52:09 PM] Indexing ended. 1 files indexed in 0s.
[Info  - 1:52:10 PM] Indexing started.
[Info  - 1:52:10 PM] Indexing ended. 1 files indexed in 0s.
[Info  - 1:52:26 PM] Indexing started.
[Info  - 1:52:26 PM] Indexing ended. 1 files indexed in 0s.
[Info  - 1:52:31 PM] Indexing started.
[Info  - 1:52:31 PM] Indexing ended. 1 files indexed in 0s.
[Info  - 1:52:33 PM] Indexing started.
[Info  - 1:52:33 PM] Indexing ended. 1 files indexed in 0s.
[Info  - 1:52:38 PM] Indexing started.
[Info  - 1:52:38 PM] Indexing ended. 1 files indexed in 0s.
[Info  - 1:53:58 PM] Indexing started.
[Info  - 1:53:58 PM] Indexing ended. 1 files indexed in 0s.
[Info  - 1:56:34 PM] Indexing started.
[Info  - 1:56:35 PM] Indexing ended. 1 files indexed in 0s.
[Info  - 1:57:12 PM] Indexing started.
[Info  - 1:57:12 PM] Indexing ended. 1 files indexed in 0s.
[Info  - 1:57:44 PM] Indexing started.
[Info  - 1:57:44 PM] Indexing ended. 1 files indexed in 0s.
[Info  - 1:57:46 PM] Indexing started.
[Info  - 1:57:46 PM] Indexing ended. 1 files indexed in 0s.
[Info  - 1:58:11 PM] Indexing started.
[Info  - 1:58:11 PM] Indexing ended. 1 files indexed in 0s.
[Info  - 1:58:13 PM] Indexing started.
[Info  - 1:58:13 PM] Indexing ended. 1 files indexed in 0s.
[Info  - 1:58:21 PM] Indexing started.
[Info  - 1:58:22 PM] Indexing ended. 1 files indexed in 0s.
[Info  - 1:58:32 PM] Indexing started.
[Info  - 1:58:32 PM] Indexing ended. 1 files indexed in 0s.
[Info  - 1:58:43 PM] Indexing started.
[Info  - 1:58:43 PM] Indexing ended. 1 files indexed in 0s.
[Info  - 1:58:49 PM] Indexing started.
[Info  - 1:58:49 PM] Indexing ended. 1 files indexed in 0s.
[Info  - 1:58:51 PM] Indexing started.
[Info  - 1:58:51 PM] Indexing ended. 1 files indexed in 0s.
[Info  - 1:58:53 PM] Indexing started.
[Info  - 1:58:53 PM] Indexing ended. 1 files indexed in 0s.
[Info  - 1:59:00 PM] Indexing started.
[Info  - 1:59:00 PM] Indexing ended. 1 files indexed in 0s.
[Info  - 1:59:02 PM] Indexing started.
[Info  - 1:59:02 PM] Indexing ended. 1 files indexed in 0s.
[Info  - 1:59:12 PM] Indexing started.
[Info  - 1:59:12 PM] Indexing ended. 1 files indexed in 0s.
[Info  - 1:59:17 PM] Indexing started.
[Info  - 1:59:17 PM] Indexing ended. 1 files indexed in 0s.
[Info  - 1:59:24 PM] Indexing started.
[Info  - 1:59:24 PM] Indexing ended. 1 files indexed in 0s.
[Info  - 1:59:26 PM] Indexing started.
[Info  - 1:59:27 PM] Indexing ended. 1 files indexed in 0s.
[Info  - 1:59:33 PM] Indexing started.
[Info  - 1:59:33 PM] Indexing ended. 1 files indexed in 0s.
[Info  - 1:59:43 PM] Indexing started.
[Info  - 1:59:43 PM] Indexing ended. 1 files indexed in 0s.
[Info  - 1:59:49 PM] Indexing started.
[Info  - 1:59:49 PM] Indexing ended. 1 files indexed in 0s.
[Info  - 1:59:54 PM] Indexing started.
[Info  - 1:59:54 PM] Indexing ended. 1 files indexed in 0s.
[Info  - 1:59:59 PM] Indexing started.
[Info  - 1:59:59 PM] Indexing ended. 1 files indexed in 0s.
[Info  - 2:00:04 PM] Indexing started.
[Info  - 2:00:04 PM] Indexing ended. 1 files indexed in 0s.
[Info  - 2:00:07 PM] Indexing started.
[Info  - 2:00:07 PM] Indexing ended. 1 files indexed in 0s.
[Info  - 2:00:18 PM] Indexing started.
[Info  - 2:00:18 PM] Indexing ended. 1 files indexed in 0s.
[Info  - 2:00:27 PM] Indexing started.
[Info  - 2:00:28 PM] Indexing ended. 1 files indexed in 0s.
[Info  - 2:00:31 PM] Indexing started.
[Info  - 2:00:31 PM] Indexing ended. 1 files indexed in 0s.
[Info  - 2:00:36 PM] Indexing started.
[Info  - 2:00:36 PM] Indexing ended. 1 files indexed in 0s.
[Info  - 2:00:37 PM] Indexing started.
[Info  - 2:00:37 PM] Indexing ended. 1 files indexed in 0s.
[Info  - 2:00:40 PM] Indexing started.
[Info  - 2:00:40 PM] Indexing ended. 1 files indexed in 0s.
[Info  - 2:00:52 PM] Indexing started.
[Info  - 2:00:52 PM] Indexing ended. 1 files indexed in 0s.
[Info  - 2:00:55 PM] Indexing started.
[Info  - 2:00:55 PM] Indexing ended. 1 files indexed in 0s.
[Info  - 2:00:59 PM] Indexing started.
[Info  - 2:00:59 PM] Indexing ended. 1 files indexed in 0s.
[Info  - 2:01:39 PM] Indexing started.
[Info  - 2:01:40 PM] Indexing ended. 1 files indexed in 0s.
[Info  - 2:01:41 PM] Indexing started.
[Info  - 2:01:41 PM] Indexing ended. 1 files indexed in 0s.
[Info  - 2:03:41 PM] Indexing started.
[Info  - 2:03:41 PM] Indexing ended. 1 files indexed in 0s.
[Info  - 2:03:51 PM] Indexing started.
[Info  - 2:03:51 PM] Indexing ended. 1 files indexed in 0s.
[Info  - 2:04:07 PM] Indexing started.
[Info  - 2:04:07 PM] Indexing ended. 1 files indexed in 0s.
[Info  - 2:04:23 PM] Indexing started.
[Info  - 2:04:24 PM] Indexing ended. 1 files indexed in 0s.
[Info  - 2:04:28 PM] Indexing started.
[Info  - 2:04:28 PM] Indexing ended. 1 files indexed in 0s.
[Info  - 2:04:30 PM] Indexing started.
[Info  - 2:04:31 PM] Indexing ended. 1 files indexed in 0s.
[Info  - 2:04:33 PM] Indexing started.
[Info  - 2:04:33 PM] Indexing ended. 1 files indexed in 0s.
[Info  - 2:04:37 PM] Indexing started.
[Info  - 2:04:37 PM] Indexing ended. 1 files indexed in 0s.
[Info  - 2:04:49 PM] Indexing started.
[Info  - 2:04:49 PM] Indexing ended. 1 files indexed in 0s.
[Info  - 2:04:52 PM] Indexing started.
[Info  - 2:04:52 PM] Indexing ended. 1 files indexed in 0s.
[Info  - 2:04:56 PM] Indexing started.
[Info  - 2:04:57 PM] Indexing ended. 1 files indexed in 0s.
[Info  - 2:04:59 PM] Indexing started.
[Info  - 2:04:59 PM] Indexing ended. 1 files indexed in 0s.
[Info  - 2:05:03 PM] Indexing started.
[Info  - 2:05:03 PM] Indexing ended. 1 files indexed in 0s.
[Info  - 2:05:08 PM] Indexing started.
[Info  - 2:05:08 PM] Indexing ended. 1 files indexed in 0s.
[Info  - 2:05:13 PM] Indexing started.
[Info  - 2:05:13 PM] Indexing ended. 1 files indexed in 0s.
[Info  - 2:05:14 PM] Indexing started.
[Info  - 2:05:15 PM] Indexing ended. 1 files indexed in 0s.
[Info  - 2:05:17 PM] Indexing started.
[Info  - 2:05:17 PM] Indexing ended. 1 files indexed in 0s.
[Info  - 2:05:19 PM] Indexing started.
[Info  - 2:05:19 PM] Indexing ended. 1 files indexed in 0s.
[Info  - 2:05:22 PM] Indexing started.
[Info  - 2:05:23 PM] Indexing ended. 1 files indexed in 0s.
[Info  - 2:08:11 PM] Indexing started.
[Info  - 2:08:11 PM] Indexing ended. 1 files indexed in 0s.
[Info  - 2:13:11 PM] Indexing started.
[Info  - 2:13:11 PM] Indexing ended. 1 files indexed in 0s.
[Info  - 2:13:16 PM] Indexing started.
[Info  - 2:13:16 PM] Indexing ended. 1 files indexed in 0s.
[Info  - 2:17:51 PM] Indexing started.
[Info  - 2:17:51 PM] Indexing ended. 1 files indexed in 0s.
[Info  - 2:19:47 PM] Indexing started.
[Info  - 2:19:48 PM] Indexing ended. 1 files indexed in 0s.
[Info  - 2:22:16 PM] Indexing started.
[Info  - 2:22:17 PM] Indexing ended. 1 files indexed in 0s.
[Info  - 2:22:23 PM] Indexing started.
[Info  - 2:22:23 PM] Indexing ended. 1 files indexed in 0s.
[Info  - 2:22:59 PM] Indexing started.
[Info  - 2:23:00 PM] Indexing ended. 1 files indexed in 0s.
[Info  - 2:23:02 PM] Indexing started.
[Info  - 2:23:02 PM] Indexing ended. 1 files indexed in 0s.
[Info  - 2:23:32 PM] Indexing started.
[Info  - 2:23:33 PM] Indexing ended. 1 files indexed in 0s.
[Info  - 2:23:35 PM] Indexing started.
[Info  - 2:23:35 PM] Indexing ended. 1 files indexed in 0s.
[Info  - 2:23:37 PM] Indexing started.
[Info  - 2:23:37 PM] Indexing ended. 1 files indexed in 0s.
[Info  - 2:23:41 PM] Indexing started.
[Info  - 2:23:42 PM] Indexing ended. 1 files indexed in 0s.
[Info  - 2:23:46 PM] Indexing started.
[Info  - 2:23:47 PM] Indexing ended. 1 files indexed in 0s.
[Info  - 2:29:02 PM] Indexing started.
[Info  - 2:29:02 PM] Indexing ended. 1 files indexed in 0s.
[Info  - 2:29:11 PM] Indexing started.
[Info  - 2:29:11 PM] Indexing ended. 1 files indexed in 0s.
[Info  - 2:29:17 PM] Indexing started.
[Info  - 2:29:17 PM] Indexing ended. 1 files indexed in 0s.
[Info  - 2:29:48 PM] Indexing started.
[Info  - 2:29:48 PM] Indexing ended. 1 files indexed in 0s.
[Info  - 2:29:52 PM] Indexing started.
[Info  - 2:29:52 PM] Indexing ended. 1 files indexed in 0s.
[Info  - 2:29:59 PM] Indexing started.
[Info  - 2:29:59 PM] Indexing ended. 1 files indexed in 0s.
[Info  - 2:30:45 PM] Indexing started.
[Info  - 2:30:45 PM] Indexing ended. 1 files indexed in 0s.
[Info  - 2:30:52 PM] Indexing started.
[Info  - 2:30:53 PM] Indexing ended. 1 files indexed in 0s.
[Info  - 2:30:56 PM] Indexing started.
[Info  - 2:30:56 PM] Indexing ended. 1 files indexed in 0s.
[Info  - 2:31:42 PM] Indexing started.
[Info  - 2:31:42 PM] Indexing ended. 1 files indexed in 0s.
[Info  - 2:31:46 PM] Indexing started.
[Info  - 2:31:46 PM] Indexing ended. 1 files indexed in 0s.
[Info  - 2:31:54 PM] Indexing started.
[Info  - 2:31:54 PM] Indexing ended. 1 files indexed in 0s.
[Info  - 2:32:42 PM] Indexing started.
[Info  - 2:32:42 PM] Indexing ended. 1 files indexed in 0s.
[Info  - 2:32:45 PM] Indexing started.
[Info  - 2:32:45 PM] Indexing ended. 1 files indexed in 0s.
[Info  - 2:32:47 PM] Indexing started.
[Info  - 2:32:48 PM] Indexing ended. 1 files indexed in 0s.
[Info  - 2:32:53 PM] Indexing started.
[Info  - 2:32:53 PM] Indexing ended. 1 files indexed in 0s.
[Info  - 2:32:56 PM] Indexing started.
[Info  - 2:32:56 PM] Indexing ended. 1 files indexed in 0s.
[Info  - 2:32:59 PM] Indexing started.
[Info  - 2:32:59 PM] Indexing ended. 1 files indexed in 0s.
[Info  - 2:33:02 PM] Indexing started.
[Info  - 2:33:02 PM] Indexing ended. 1 files indexed in 0s.
[Info  - 2:33:09 PM] Indexing started.
[Info  - 2:33:09 PM] Indexing ended. 1 files indexed in 0s.
[Info  - 2:33:13 PM] Indexing started.
[Info  - 2:33:14 PM] Indexing ended. 1 files indexed in 0s.
[Info  - 2:33:19 PM] Indexing started.
[Info  - 2:33:19 PM] Indexing ended. 1 files indexed in 0s.
[Info  - 2:33:30 PM] Indexing started.
[Info  - 2:33:30 PM] Indexing ended. 1 files indexed in 0s.
[Info  - 2:33:37 PM] Indexing started.
[Info  - 2:33:37 PM] Indexing ended. 1 files indexed in 0s.
[Info  - 2:33:42 PM] Indexing started.
[Info  - 2:33:42 PM] Indexing ended. 1 files indexed in 0s.
[Info  - 2:33:54 PM] Indexing started.
[Info  - 2:33:54 PM] Indexing ended. 1 files indexed in 0s.
[Info  - 2:34:19 PM] Indexing started.
[Info  - 2:34:19 PM] Indexing ended. 1 files indexed in 0s.
[Info  - 2:34:28 PM] Indexing started.
[Info  - 2:34:28 PM] Indexing ended. 1 files indexed in 0s.
[Info  - 2:34:33 PM] Indexing started.
[Info  - 2:34:33 PM] Indexing ended. 1 files indexed in 0s.
[Info  - 2:37:34 PM] Indexing started.
[Info  - 2:37:34 PM] Indexing ended. 1 files indexed in 0s.
[Info  - 2:37:36 PM] Indexing started.
[Info  - 2:37:36 PM] Indexing ended. 1 files indexed in 0s.
[Info  - 2:37:39 PM] Indexing started.
[Info  - 2:37:40 PM] Indexing ended. 1 files indexed in 0s.
[Info  - 2:37:42 PM] Indexing started.
[Info  - 2:37:42 PM] Indexing ended. 1 files indexed in 0s.
[Info  - 2:37:54 PM] Indexing started.
[Info  - 2:37:54 PM] Indexing ended. 1 files indexed in 0s.
[Info  - 2:38:06 PM] Indexing started.
[Info  - 2:38:06 PM] Indexing ended. 1 files indexed in 0s.
[Info  - 2:38:08 PM] Indexing started.
[Info  - 2:38:08 PM] Indexing ended. 1 files indexed in 0s.
[Info  - 2:38:30 PM] Indexing started.
[Info  - 2:38:30 PM] Indexing ended. 1 files indexed in 0s.
[Info  - 2:38:37 PM] Indexing started.
[Info  - 2:38:37 PM] Indexing ended. 1 files indexed in 0s.
[Info  - 2:38:43 PM] Indexing started.
[Info  - 2:38:43 PM] Indexing ended. 1 files indexed in 0s.
[Info  - 2:39:15 PM] Indexing started.
[Info  - 2:39:15 PM] Indexing ended. 1 files indexed in 0s.
[Info  - 2:39:35 PM] Indexing started.
[Info  - 2:39:35 PM] Indexing ended. 1 files indexed in 0s.
[Info  - 2:39:37 PM] Indexing started.
[Info  - 2:39:37 PM] Indexing ended. 1 files indexed in 0s.
[Info  - 2:39:53 PM] Indexing started.
[Info  - 2:39:53 PM] Indexing ended. 1 files indexed in 0s.
[Info  - 2:39:54 PM] Indexing started.
[Info  - 2:39:54 PM] Indexing ended. 1 files indexed in 0s.
[Info  - 2:39:55 PM] Indexing started.
[Info  - 2:39:56 PM] Indexing ended. 1 files indexed in 0s.
[Info  - 2:40:00 PM] Indexing started.
[Info  - 2:40:00 PM] Indexing ended. 1 files indexed in 0s.
[Info  - 2:40:06 PM] Indexing started.
[Info  - 2:40:06 PM] Indexing ended. 1 files indexed in 0s.
[Info  - 2:40:08 PM] Indexing started.
[Info  - 2:40:08 PM] Indexing ended. 1 files indexed in 0s.
[Info  - 2:40:10 PM] Indexing started.
[Info  - 2:40:10 PM] Indexing ended. 1 files indexed in 0s.
[Info  - 2:40:12 PM] Indexing started.
[Info  - 2:40:12 PM] Indexing ended. 1 files indexed in 0s.
[Info  - 2:40:15 PM] Indexing started.
[Info  - 2:40:15 PM] Indexing ended. 1 files indexed in 0s.
[Info  - 2:40:24 PM] Indexing started.
[Info  - 2:40:24 PM] Indexing ended. 1 files indexed in 0s.
[Info  - 2:40:28 PM] Indexing started.
[Info  - 2:40:28 PM] Indexing ended. 1 files indexed in 0s.
[Info  - 2:40:31 PM] Indexing started.
[Info  - 2:40:31 PM] Indexing ended. 1 files indexed in 0s.
[Info  - 2:41:00 PM] Indexing started.
[Info  - 2:41:01 PM] Indexing ended. 1 files indexed in 0s.
[Info  - 2:41:04 PM] Indexing started.
[Info  - 2:41:04 PM] Indexing ended. 1 files indexed in 0s.
[Info  - 2:41:11 PM] Indexing started.
[Info  - 2:41:11 PM] Indexing ended. 1 files indexed in 0s.
[Info  - 2:41:14 PM] Indexing started.
[Info  - 2:41:14 PM] Indexing ended. 1 files indexed in 0s.
[Info  - 2:41:16 PM] Indexing started.
[Info  - 2:41:16 PM] Indexing ended. 1 files indexed in 0s.
[Info  - 2:41:20 PM] Indexing started.
[Info  - 2:41:20 PM] Indexing ended. 1 files indexed in 0s.
[Info  - 2:41:21 PM] Indexing started.
[Info  - 2:41:21 PM] Indexing ended. 1 files indexed in 0s.
[Info  - 2:41:23 PM] Indexing started.
[Info  - 2:41:23 PM] Indexing ended. 1 files indexed in 0s.
[Info  - 2:41:33 PM] Indexing started.
[Info  - 2:41:34 PM] Indexing ended. 1 files indexed in 0s.
[Info  - 2:41:40 PM] Indexing started.
[Info  - 2:41:40 PM] Indexing ended. 1 files indexed in 0s.
[Info  - 2:41:44 PM] Indexing started.
[Info  - 2:41:44 PM] Indexing ended. 1 files indexed in 0s.
[Info  - 2:41:57 PM] Indexing started.
[Info  - 2:41:57 PM] Indexing ended. 1 files indexed in 0s.
[Info  - 2:42:04 PM] Indexing started.
[Info  - 2:42:04 PM] Indexing ended. 1 files indexed in 0s.
[Info  - 2:42:27 PM] Indexing started.
[Info  - 2:42:27 PM] Indexing ended. 1 files indexed in 0s.
[Info  - 2:42:32 PM] Indexing started.
[Info  - 2:42:32 PM] Indexing ended. 1 files indexed in 0s.
[Info  - 2:42:35 PM] Indexing started.
[Info  - 2:42:35 PM] Indexing ended. 1 files indexed in 0s.
[Info  - 2:42:36 PM] Indexing started.
[Info  - 2:42:36 PM] Indexing ended. 1 files indexed in 0s.
[Info  - 2:42:40 PM] Indexing started.
[Info  - 2:42:40 PM] Indexing ended. 1 files indexed in 0s.
[Info  - 2:42:45 PM] Indexing started.
[Info  - 2:42:45 PM] Indexing ended. 1 files indexed in 0s.
[Info  - 2:42:49 PM] Indexing started.
[Info  - 2:42:49 PM] Indexing ended. 1 files indexed in 0s.
[Info  - 2:42:53 PM] Indexing started.
[Info  - 2:42:53 PM] Indexing ended. 1 files indexed in 0s.
[Info  - 2:42:57 PM] Indexing started.
[Info  - 2:42:57 PM] Indexing ended. 1 files indexed in 0s.
[Info  - 2:42:59 PM] Indexing started.
[Info  - 2:43:00 PM] Indexing ended. 1 files indexed in 0s.
[Info  - 2:43:03 PM] Indexing started.
[Info  - 2:43:04 PM] Indexing ended. 1 files indexed in 0s.
[Info  - 2:43:06 PM] Indexing started.
[Info  - 2:43:06 PM] Indexing ended. 1 files indexed in 0s.
[Info  - 2:43:09 PM] Indexing started.
[Info  - 2:43:09 PM] Indexing ended. 1 files indexed in 0s.
[Info  - 2:43:12 PM] Indexing started.
[Info  - 2:43:13 PM] Indexing ended. 1 files indexed in 0s.
[Info  - 2:43:16 PM] Indexing started.
[Info  - 2:43:16 PM] Indexing ended. 1 files indexed in 0s.
[Info  - 2:43:18 PM] Indexing started.
[Info  - 2:43:19 PM] Indexing ended. 1 files indexed in 0s.
[Info  - 2:43:21 PM] Indexing started.
[Info  - 2:43:21 PM] Indexing ended. 1 files indexed in 0s.
[Info  - 2:43:23 PM] Indexing started.
[Info  - 2:43:23 PM] Indexing ended. 1 files indexed in 0s.
[Info  - 2:43:25 PM] Indexing started.
[Info  - 2:43:25 PM] Indexing ended. 1 files indexed in 0s.
[Info  - 2:43:39 PM] Indexing started.
[Info  - 2:43:39 PM] Indexing ended. 1 files indexed in 0s.
[Info  - 2:44:08 PM] Indexing started.
[Info  - 2:44:08 PM] Indexing ended. 1 files indexed in 0s.
[Info  - 2:44:20 PM] Indexing started.
[Info  - 2:44:20 PM] Indexing ended. 1 files indexed in 0s.
[Info  - 2:44:39 PM] Indexing started.
[Info  - 2:44:39 PM] Indexing ended. 1 files indexed in 0s.
[Info  - 2:44:47 PM] Indexing started.
[Info  - 2:44:47 PM] Indexing ended. 1 files indexed in 0s.
[Info  - 2:45:08 PM] Indexing started.
[Info  - 2:45:08 PM] Indexing ended. 1 files indexed in 0s.
[Info  - 2:45:09 PM] Indexing started.
[Info  - 2:45:09 PM] Indexing ended. 1 files indexed in 0s.
[Info  - 2:45:38 PM] Indexing started.
[Info  - 2:45:39 PM] Indexing ended. 1 files indexed in 0s.
[Info  - 2:45:44 PM] Indexing started.
[Info  - 2:45:45 PM] Indexing ended. 1 files indexed in 0s.
[Info  - 2:45:47 PM] Indexing started.
[Info  - 2:45:47 PM] Indexing ended. 1 files indexed in 0s.
[Info  - 2:45:52 PM] Indexing started.
[Info  - 2:45:52 PM] Indexing ended. 1 files indexed in 0s.
[Info  - 2:46:00 PM] Indexing started.
[Info  - 2:46:00 PM] Indexing ended. 1 files indexed in 0s.
[Info  - 2:47:29 PM] Indexing started.
[Info  - 2:47:30 PM] Indexing ended. 1 files indexed in 0s.
[Info  - 2:47:37 PM] Indexing started.
[Info  - 2:47:37 PM] Indexing ended. 1 files indexed in 0s.
[Info  - 2:47:46 PM] Indexing started.
[Info  - 2:47:46 PM] Indexing ended. 1 files indexed in 0s.
[Info  - 2:47:58 PM] Indexing started.
[Info  - 2:47:58 PM] Indexing ended. 1 files indexed in 0s.
[Info  - 2:48:01 PM] Indexing started.
[Info  - 2:48:02 PM] Indexing ended. 1 files indexed in 0s.
[Info  - 2:48:07 PM] Indexing started.
[Info  - 2:48:07 PM] Indexing ended. 1 files indexed in 0s.
[Info  - 2:48:09 PM] Indexing started.
[Info  - 2:48:10 PM] Indexing ended. 1 files indexed in 0s.
[Info  - 2:48:19 PM] Indexing started.
[Info  - 2:48:20 PM] Indexing ended. 1 files indexed in 0s.
[Info  - 2:48:25 PM] Indexing started.
[Info  - 2:48:25 PM] Indexing ended. 1 files indexed in 0s.
[Info  - 2:48:27 PM] Indexing started.
[Info  - 2:48:27 PM] Indexing ended. 1 files indexed in 0s.
[Info  - 2:49:13 PM] Indexing started.
[Info  - 2:49:13 PM] Indexing ended. 1 files indexed in 0s.
[Info  - 2:49:19 PM] Indexing started.
[Info  - 2:49:19 PM] Indexing ended. 1 files indexed in 0s.
[Info  - 2:49:24 PM] Indexing started.
[Info  - 2:49:25 PM] Indexing ended. 1 files indexed in 0s.
[Info  - 2:49:37 PM] Indexing started.
[Info  - 2:49:38 PM] Indexing ended. 1 files indexed in 0s.
[Info  - 2:49:48 PM] Indexing started.
[Info  - 2:49:49 PM] Indexing ended. 1 files indexed in 0s.
[Info  - 2:49:51 PM] Indexing started.
[Info  - 2:49:51 PM] Indexing ended. 1 files indexed in 0s.
[Info  - 2:49:56 PM] Indexing started.
[Info  - 2:49:56 PM] Indexing ended. 1 files indexed in 0s.
[Info  - 2:49:59 PM] Indexing started.
[Info  - 2:49:59 PM] Indexing ended. 1 files indexed in 0s.
[Info  - 2:50:01 PM] Indexing started.
[Info  - 2:50:01 PM] Indexing ended. 1 files indexed in 0s.
[Info  - 2:50:03 PM] Indexing started.
[Info  - 2:50:03 PM] Indexing ended. 1 files indexed in 0s.
[Info  - 2:50:06 PM] Indexing started.
[Info  - 2:50:06 PM] Indexing ended. 1 files indexed in 0s.
[Info  - 2:50:08 PM] Indexing started.
[Info  - 2:50:08 PM] Indexing ended. 1 files indexed in 0s.
[Info  - 2:50:10 PM] Indexing started.
[Info  - 2:50:11 PM] Indexing ended. 1 files indexed in 0s.
[Info  - 2:50:13 PM] Indexing started.
[Info  - 2:50:13 PM] Indexing ended. 1 files indexed in 0s.
[Info  - 2:50:16 PM] Indexing started.
[Info  - 2:50:16 PM] Indexing ended. 1 files indexed in 0s.
[Info  - 2:50:17 PM] Indexing started.
[Info  - 2:50:18 PM] Indexing ended. 1 files indexed in 0s.
[Info  - 2:50:21 PM] Indexing started.
[Info  - 2:50:21 PM] Indexing ended. 1 files indexed in 0s.
[Info  - 2:50:42 PM] Indexing started.
[Info  - 2:50:42 PM] Indexing ended. 1 files indexed in 0s.
[Info  - 2:50:43 PM] Indexing started.
[Info  - 2:50:43 PM] Indexing ended. 1 files indexed in 0s.
[Info  - 2:50:46 PM] Indexing started.
[Info  - 2:50:46 PM] Indexing ended. 1 files indexed in 0s.
[Info  - 2:50:49 PM] Indexing started.
[Info  - 2:50:49 PM] Indexing ended. 1 files indexed in 0s.
[Info  - 2:50:51 PM] Indexing started.
[Info  - 2:50:51 PM] Indexing ended. 1 files indexed in 0s.
[Info  - 2:50:52 PM] Indexing started.
[Info  - 2:50:52 PM] Indexing ended. 1 files indexed in 0s.
[Info  - 2:50:55 PM] Indexing started.
[Info  - 2:50:55 PM] Indexing ended. 1 files indexed in 0s.
[Info  - 2:50:57 PM] Indexing started.
[Info  - 2:50:57 PM] Indexing ended. 1 files indexed in 0s.
[Info  - 2:51:00 PM] Indexing started.
[Info  - 2:51:00 PM] Indexing ended. 1 files indexed in 0s.
[Info  - 2:51:06 PM] Indexing started.
[Info  - 2:51:06 PM] Indexing ended. 1 files indexed in 0s.
[Info  - 2:51:16 PM] Indexing started.
[Info  - 2:51:16 PM] Indexing ended. 1 files indexed in 0s.
[Info  - 2:51:19 PM] Indexing started.
[Info  - 2:51:20 PM] Indexing ended. 1 files indexed in 0s.
[Info  - 2:51:33 PM] Indexing started.
[Info  - 2:51:33 PM] Indexing ended. 1 files indexed in 0s.
[Info  - 2:51:41 PM] Indexing started.
[Info  - 2:51:41 PM] Indexing ended. 1 files indexed in 0s.
[Info  - 2:51:42 PM] Indexing started.
[Info  - 2:51:42 PM] Indexing ended. 1 files indexed in 0s.
[Info  - 2:51:49 PM] Indexing started.
[Info  - 2:51:49 PM] Indexing ended. 1 files indexed in 0s.
[Info  - 2:51:59 PM] Indexing started.
[Info  - 2:51:59 PM] Indexing ended. 1 files indexed in 0s.
[Info  - 2:52:01 PM] Indexing started.
[Info  - 2:52:02 PM] Indexing ended. 1 files indexed in 0s.
[Info  - 2:52:05 PM] Indexing started.
[Info  - 2:52:05 PM] Indexing ended. 1 files indexed in 0s.
[Info  - 2:52:07 PM] Indexing started.
[Info  - 2:52:07 PM] Indexing ended. 1 files indexed in 0s.
[Info  - 2:52:15 PM] Indexing started.
[Info  - 2:52:15 PM] Indexing ended. 1 files indexed in 0s.
[Info  - 2:59:59 PM] Indexing started.
[Info  - 2:59:59 PM] Indexing ended. 1 files indexed in 0s.
[Info  - 3:00:05 PM] Indexing started.
[Info  - 3:00:05 PM] Indexing ended. 1 files indexed in 0s.
[Info  - 3:01:14 PM] Indexing started.
[Info  - 3:01:14 PM] Indexing ended. 1 files indexed in 0s.
[Info  - 3:01:25 PM] Indexing started.
[Info  - 3:01:25 PM] Indexing ended. 1 files indexed in 0s.
[Info  - 3:01:27 PM] Indexing started.
[Info  - 3:01:27 PM] Indexing ended. 1 files indexed in 0s.
[Info  - 3:01:34 PM] Indexing started.
[Info  - 3:01:34 PM] Indexing ended. 1 files indexed in 0s.
[Info  - 3:01:39 PM] Indexing started.
[Info  - 3:01:39 PM] Indexing ended. 1 files indexed in 0s.
[Info  - 3:01:40 PM] Indexing started.
[Info  - 3:01:40 PM] Indexing ended. 1 files indexed in 0s.
[Info  - 3:01:48 PM] Indexing started.
[Info  - 3:01:48 PM] Indexing ended. 1 files indexed in 0s.
[Info  - 3:01:50 PM] Indexing started.
[Info  - 3:01:50 PM] Indexing ended. 1 files indexed in 0s.
[Info  - 3:01:52 PM] Indexing started.
[Info  - 3:01:52 PM] Indexing ended. 1 files indexed in 0s.
[Info  - 3:02:01 PM] Indexing started.
[Info  - 3:02:01 PM] Indexing ended. 1 files indexed in 0s.
[Info  - 3:02:08 PM] Indexing started.
[Info  - 3:02:08 PM] Indexing ended. 1 files indexed in 0s.
[Info  - 3:02:10 PM] Indexing started.
[Info  - 3:02:10 PM] Indexing ended. 1 files indexed in 0s.
[Info  - 3:02:12 PM] Indexing started.
[Info  - 3:02:12 PM] Indexing ended. 1 files indexed in 0s.
[Info  - 3:02:19 PM] Indexing started.
[Info  - 3:02:19 PM] Indexing ended. 1 files indexed in 0s.
[Info  - 3:02:23 PM] Indexing started.
[Info  - 3:02:23 PM] Indexing ended. 1 files indexed in 0s.
[Info  - 3:02:29 PM] Indexing started.
[Info  - 3:02:29 PM] Indexing ended. 1 files indexed in 0s.
[Info  - 3:02:31 PM] Indexing started.
[Info  - 3:02:31 PM] Indexing ended. 1 files indexed in 0s.
[Info  - 3:02:36 PM] Indexing started.
[Info  - 3:02:36 PM] Indexing ended. 1 files indexed in 0s.
[Info  - 3:02:37 PM] Indexing started.
[Info  - 3:02:37 PM] Indexing ended. 1 files indexed in 0s.
[Info  - 3:02:38 PM] Indexing started.
[Info  - 3:02:39 PM] Indexing ended. 1 files indexed in 0s.
[Info  - 3:02:41 PM] Indexing started.
[Info  - 3:02:41 PM] Indexing ended. 1 files indexed in 0s.
[Info  - 3:02:43 PM] Indexing started.
[Info  - 3:02:43 PM] Indexing ended. 1 files indexed in 0s.
[Info  - 3:02:45 PM] Indexing started.
[Info  - 3:02:45 PM] Indexing ended. 1 files indexed in 0s.
[Info  - 3:02:49 PM] Indexing started.
[Info  - 3:02:49 PM] Indexing ended. 1 files indexed in 0s.
[Info  - 3:02:56 PM] Indexing started.
[Info  - 3:02:56 PM] Indexing ended. 1 files indexed in 0s.
[Info  - 3:02:59 PM] Indexing started.
[Info  - 3:03:00 PM] Indexing ended. 1 files indexed in 0s.
[Info  - 3:03:02 PM] Indexing started.
[Info  - 3:03:02 PM] Indexing ended. 1 files indexed in 0s.
[Info  - 3:03:08 PM] Indexing started.
[Info  - 3:03:08 PM] Indexing ended. 1 files indexed in 0s.
[Info  - 3:03:10 PM] Indexing started.
[Info  - 3:03:10 PM] Indexing ended. 1 files indexed in 0s.
[Info  - 3:03:12 PM] Indexing started.
[Info  - 3:03:12 PM] Indexing ended. 1 files indexed in 0s.
[Info  - 3:03:14 PM] Indexing started.
[Info  - 3:03:14 PM] Indexing ended. 1 files indexed in 0s.
[Info  - 3:03:17 PM] Indexing started.
[Info  - 3:03:17 PM] Indexing ended. 1 files indexed in 0s.
[Info  - 3:03:26 PM] Indexing started.
[Info  - 3:03:26 PM] Indexing ended. 1 files indexed in 0s.
[Info  - 3:03:32 PM] Indexing started.
[Info  - 3:03:32 PM] Indexing ended. 1 files indexed in 0s.
[Info  - 3:03:35 PM] Indexing started.
[Info  - 3:03:35 PM] Indexing ended. 1 files indexed in 0s.
[Info  - 3:03:38 PM] Indexing started.
[Info  - 3:03:38 PM] Indexing ended. 1 files indexed in 0s.
[Info  - 3:03:41 PM] Indexing started.
[Info  - 3:03:41 PM] Indexing ended. 1 files indexed in 0s.
[Info  - 3:03:45 PM] Indexing started.
[Info  - 3:03:45 PM] Indexing ended. 1 files indexed in 0s.
[Info  - 3:03:47 PM] Indexing started.
[Info  - 3:03:47 PM] Indexing ended. 1 files indexed in 0s.
[Info  - 3:04:02 PM] Indexing started.
[Info  - 3:04:02 PM] Indexing ended. 1 files indexed in 0s.
[Info  - 3:04:07 PM] Indexing started.
[Info  - 3:04:07 PM] Indexing ended. 1 files indexed in 0s.
[Info  - 3:04:20 PM] Indexing started.
[Info  - 3:04:21 PM] Indexing ended. 1 files indexed in 0s.
[Info  - 3:04:34 PM] Indexing started.
[Info  - 3:04:34 PM] Indexing ended. 1 files indexed in 0s.
[Info  - 3:04:36 PM] Indexing started.
[Info  - 3:04:36 PM] Indexing ended. 1 files indexed in 0s.
[Info  - 3:04:52 PM] Indexing started.
[Info  - 3:04:52 PM] Indexing ended. 1 files indexed in 0s.
[Info  - 3:04:58 PM] Indexing started.
[Info  - 3:04:58 PM] Indexing ended. 1 files indexed in 0s.
[Info  - 3:05:28 PM] Indexing started.
[Info  - 3:05:28 PM] Indexing ended. 1 files indexed in 0s.
[Info  - 3:05:51 PM] Indexing started.
[Info  - 3:05:51 PM] Indexing ended. 1 files indexed in 0s.
[Info  - 3:05:55 PM] Indexing started.
[Info  - 3:05:55 PM] Indexing ended. 1 files indexed in 0s.
[Info  - 3:05:57 PM] Indexing started.
[Info  - 3:05:57 PM] Indexing ended. 1 files indexed in 0s.
[Info  - 3:06:02 PM] Indexing started.
[Info  - 3:06:02 PM] Indexing ended. 1 files indexed in 0s.
[Info  - 3:06:12 PM] Indexing started.
[Info  - 3:06:13 PM] Indexing ended. 2 files indexed in 0s.
[Info  - 3:06:14 PM] Indexing started.
[Info  - 3:06:14 PM] Indexing ended. 1 files indexed in 0s.
[Info  - 3:06:17 PM] Indexing started.
[Info  - 3:06:17 PM] Indexing ended. 1 files indexed in 0s.
[Info  - 3:06:21 PM] Indexing started.
[Info  - 3:06:21 PM] Indexing ended. 1 files indexed in 0s.
[Info  - 3:06:23 PM] Indexing started.
[Info  - 3:06:23 PM] Indexing ended. 1 files indexed in 0s.
[Info  - 3:06:28 PM] Indexing started.
[Info  - 3:06:28 PM] Indexing ended. 1 files indexed in 0s.
[Info  - 3:06:35 PM] Indexing started.
[Info  - 3:06:35 PM] Indexing ended. 1 files indexed in 0s.
[Info  - 3:06:37 PM] Indexing started.
[Info  - 3:06:37 PM] Indexing ended. 1 files indexed in 0s.
[Info  - 3:06:47 PM] Indexing started.
[Info  - 3:06:47 PM] Indexing ended. 1 files indexed in 0s.
[Info  - 3:06:49 PM] Indexing started.
[Info  - 3:06:49 PM] Indexing ended. 1 files indexed in 0s.
[Info  - 3:06:53 PM] Indexing started.
[Info  - 3:06:53 PM] Indexing ended. 1 files indexed in 0s.
[Info  - 3:06:57 PM] Indexing started.
[Info  - 3:06:57 PM] Indexing ended. 1 files indexed in 0s.
[Info  - 3:07:01 PM] Indexing started.
[Info  - 3:07:02 PM] Indexing ended. 1 files indexed in 0s.
[Info  - 3:07:06 PM] Indexing started.
[Info  - 3:07:06 PM] Indexing ended. 1 files indexed in 0s.
[Info  - 3:07:09 PM] Indexing started.
[Info  - 3:07:09 PM] Indexing ended. 1 files indexed in 0s.
[Info  - 3:07:46 PM] Indexing started.
[Info  - 3:07:46 PM] Indexing ended. 2 files indexed in 0s.
[Info  - 3:07:55 PM] Indexing started.
[Info  - 3:07:55 PM] Indexing ended. 1 files indexed in 0s.
[Info  - 3:08:05 PM] Indexing started.
[Info  - 3:08:06 PM] Indexing ended. 2 files indexed in 0s.
[Info  - 3:08:10 PM] Indexing started.
[Info  - 3:08:11 PM] Indexing ended. 1 files indexed in 0s.
[Info  - 3:08:27 PM] Indexing started.
[Info  - 3:08:28 PM] Indexing ended. 2 files indexed in 0s.
[Info  - 3:08:31 PM] Indexing started.
[Info  - 3:08:32 PM] Indexing ended. 1 files indexed in 0s.
[Info  - 3:08:40 PM] Indexing started.
[Info  - 3:08:40 PM] Indexing ended. 1 files indexed in 0s.
[Info  - 3:08:45 PM] Indexing started.
[Info  - 3:08:45 PM] Indexing ended. 1 files indexed in 0s.
[Info  - 3:08:52 PM] Indexing started.
[Info  - 3:08:52 PM] Indexing ended. 1 files indexed in 0s.
[Info  - 3:09:56 PM] Indexing started.
[Info  - 3:09:56 PM] Indexing ended. 2 files indexed in 0s.
[Info  - 3:10:03 PM] Indexing started.
[Info  - 3:10:04 PM] Indexing ended. 1 files indexed in 0s.
[Info  - 3:10:05 PM] Indexing started.
[Info  - 3:10:05 PM] Indexing ended. 2 files indexed in 0s.
[Info  - 3:10:11 PM] Indexing started.
[Info  - 3:10:12 PM] Indexing ended. 2 files indexed in 0s.
[Info  - 3:10:19 PM] Indexing started.
[Info  - 3:10:19 PM] Indexing ended. 1 files indexed in 0s.
[Info  - 3:10:27 PM] Indexing started.
[Info  - 3:10:27 PM] Indexing ended. 1 files indexed in 0s.
[Info  - 3:10:32 PM] Indexing started.
[Info  - 3:10:32 PM] Indexing ended. 1 files indexed in 0s.
[Info  - 3:10:45 PM] Indexing started.
[Info  - 3:10:45 PM] Indexing ended. 2 files indexed in 0s.
[Info  - 3:10:57 PM] Indexing started.
[Info  - 3:10:57 PM] Indexing ended. 2 files indexed in 0s.
[Info  - 3:10:59 PM] Indexing started.
[Info  - 3:10:59 PM] Indexing ended. 1 files indexed in 0s.
[Info  - 3:11:01 PM] Indexing started.
[Info  - 3:11:01 PM] Indexing ended. 1 files indexed in 0s.
[Info  - 3:11:07 PM] Indexing started.
[Info  - 3:11:07 PM] Indexing ended. 1 files indexed in 0s.
[Info  - 3:11:10 PM] Indexing started.
[Info  - 3:11:10 PM] Indexing ended. 1 files indexed in 0s.
[Info  - 3:11:11 PM] Indexing started.
[Info  - 3:11:11 PM] Indexing ended. 1 files indexed in 0s.
[Info  - 3:11:16 PM] Indexing started.
[Info  - 3:11:16 PM] Indexing ended. 1 files indexed in 0s.
[Info  - 3:11:17 PM] Indexing started.
[Info  - 3:11:18 PM] Indexing ended. 1 files indexed in 0s.
[Info  - 3:11:19 PM] Indexing started.
[Info  - 3:11:19 PM] Indexing ended. 1 files indexed in 0s.
[Info  - 3:11:26 PM] Indexing started.
[Info  - 3:11:27 PM] Indexing ended. 1 files indexed in 0s.
[Info  - 3:11:32 PM] Indexing started.
[Info  - 3:11:33 PM] Indexing ended. 1 files indexed in 0s.
[Info  - 3:14:18 PM] Indexing started.
[Info  - 3:14:18 PM] Indexing ended. 2 files indexed in 0s.
[Info  - 3:14:20 PM] Indexing started.
[Info  - 3:14:20 PM] Indexing ended. 1 files indexed in 0s.
[Info  - 3:14:24 PM] Indexing started.
[Info  - 3:14:24 PM] Indexing ended. 1 files indexed in 0s.
[Info  - 3:14:31 PM] Indexing started.
[Info  - 3:14:31 PM] Indexing ended. 1 files indexed in 0s.
[Info  - 3:16:17 PM] Indexing started.
[Info  - 3:16:17 PM] Indexing ended. 2 files indexed in 0s.
[Info  - 3:16:19 PM] Indexing started.
[Info  - 3:16:19 PM] Indexing ended. 1 files indexed in 0s.
[Info  - 3:16:25 PM] Indexing started.
[Info  - 3:16:25 PM] Indexing ended. 1 files indexed in 0s.
[Info  - 3:16:35 PM] Indexing started.
[Info  - 3:16:35 PM] Indexing ended. 1 files indexed in 0s.
[Info  - 3:16:39 PM] Indexing started.
[Info  - 3:16:39 PM] Indexing ended. 1 files indexed in 0s.
[Info  - 3:16:46 PM] Indexing started.
[Info  - 3:16:46 PM] Indexing ended. 1 files indexed in 0s.
[Info  - 3:16:50 PM] Indexing started.
[Info  - 3:16:50 PM] Indexing ended. 1 files indexed in 0s.
[Info  - 3:16:53 PM] Indexing started.
[Info  - 3:16:53 PM] Indexing ended. 1 files indexed in 0s.
[Info  - 3:17:06 PM] Indexing started.
[Info  - 3:17:06 PM] Indexing ended. 2 files indexed in 0s.
[Info  - 3:17:10 PM] Indexing started.
[Info  - 3:17:10 PM] Indexing ended. 1 files indexed in 0s.
[Info  - 3:17:15 PM] Indexing started.
[Info  - 3:17:15 PM] Indexing ended. 1 files indexed in 0s.
[Info  - 3:17:24 PM] Indexing started.
[Info  - 3:17:24 PM] Indexing ended. 1 files indexed in 0s.
[Info  - 3:17:34 PM] Indexing started.
[Info  - 3:17:34 PM] Indexing ended. 2 files indexed in 0s.
[Info  - 3:17:38 PM] Indexing started.
[Info  - 3:17:38 PM] Indexing ended. 1 files indexed in 0s.
[Info  - 3:17:40 PM] Indexing started.
[Info  - 3:17:40 PM] Indexing ended. 1 files indexed in 0s.
[Info  - 3:17:47 PM] Indexing started.
[Info  - 3:17:47 PM] Indexing ended. 1 files indexed in 0s.
[Info  - 3:17:49 PM] Indexing started.
[Info  - 3:17:49 PM] Indexing ended. 1 files indexed in 0s.
[Info  - 3:17:57 PM] Indexing started.
[Info  - 3:17:57 PM] Indexing ended. 1 files indexed in 0s.
[Info  - 3:18:03 PM] Indexing started.
[Info  - 3:18:03 PM] Indexing ended. 1 files indexed in 0s.
[Info  - 3:18:05 PM] Indexing started.
[Info  - 3:18:05 PM] Indexing ended. 1 files indexed in 0s.
[Info  - 3:18:11 PM] Indexing started.
[Info  - 3:18:11 PM] Indexing ended. 1 files indexed in 0s.
[Info  - 3:18:17 PM] Indexing started.
[Info  - 3:18:17 PM] Indexing ended. 1 files indexed in 0s.
[Info  - 3:18:24 PM] Indexing started.
[Info  - 3:18:24 PM] Indexing ended. 1 files indexed in 0s.
[Info  - 3:18:27 PM] Indexing started.
[Info  - 3:18:28 PM] Indexing ended. 1 files indexed in 0s.
[Info  - 3:18:35 PM] Indexing started.
[Info  - 3:18:35 PM] Indexing ended. 1 files indexed in 0s.
[Info  - 3:18:40 PM] Indexing started.
[Info  - 3:18:41 PM] Indexing ended. 1 files indexed in 0s.
[Info  - 3:18:45 PM] Indexing started.
[Info  - 3:18:45 PM] Indexing ended. 1 files indexed in 0s.
[Info  - 3:18:52 PM] Indexing started.
[Info  - 3:18:53 PM] Indexing ended. 1 files indexed in 0s.
[Info  - 3:18:54 PM] Indexing started.
[Info  - 3:18:54 PM] Indexing ended. 1 files indexed in 0s.
[Info  - 3:22:03 PM] Indexing started.
[Info  - 3:22:03 PM] Indexing ended. 2 files indexed in 0s.
[Info  - 3:22:33 PM] Indexing started.
[Info  - 3:22:33 PM] Indexing ended. 2 files indexed in 0s.
[Info  - 3:22:36 PM] Indexing started.
[Info  - 3:22:36 PM] Indexing ended. 1 files indexed in 0s.
[Info  - 3:22:39 PM] Indexing started.
[Info  - 3:22:39 PM] Indexing ended. 1 files indexed in 0s.
[Info  - 3:22:42 PM] Indexing started.
[Info  - 3:22:42 PM] Indexing ended. 1 files indexed in 0s.
[Info  - 3:22:44 PM] Indexing started.
[Info  - 3:22:44 PM] Indexing ended. 1 files indexed in 0s.
[Info  - 3:22:48 PM] Indexing started.
[Info  - 3:22:48 PM] Indexing ended. 1 files indexed in 0s.
[Info  - 3:22:52 PM] Indexing started.
[Info  - 3:22:52 PM] Indexing ended. 1 files indexed in 0s.
[Info  - 3:22:56 PM] Indexing started.
[Info  - 3:22:56 PM] Indexing ended. 1 files indexed in 0s.
[Info  - 3:22:58 PM] Indexing started.
[Info  - 3:22:58 PM] Indexing ended. 1 files indexed in 0s.
[Info  - 3:22:59 PM] Indexing started.
[Info  - 3:22:59 PM] Indexing ended. 1 files indexed in 0s.
[Info  - 3:23:01 PM] Indexing started.
[Info  - 3:23:01 PM] Indexing ended. 1 files indexed in 0s.
[Info  - 3:23:04 PM] Indexing started.
[Info  - 3:23:04 PM] Indexing ended. 1 files indexed in 0s.
[Info  - 3:23:11 PM] Indexing started.
[Info  - 3:23:11 PM] Indexing ended. 1 files indexed in 0s.
[Info  - 3:23:15 PM] Indexing started.
[Info  - 3:23:15 PM] Indexing ended. 1 files indexed in 0s.
[Info  - 3:23:19 PM] Indexing started.
[Info  - 3:23:19 PM] Indexing ended. 1 files indexed in 0s.
[Info  - 3:23:20 PM] Indexing started.
[Info  - 3:23:20 PM] Indexing ended. 1 files indexed in 0s.
[Info  - 3:23:23 PM] Indexing started.
[Info  - 3:23:24 PM] Indexing ended. 1 files indexed in 0s.
[Info  - 3:23:25 PM] Indexing started.
[Info  - 3:23:25 PM] Indexing ended. 1 files indexed in 0s.
[Info  - 3:23:28 PM] Indexing started.
[Info  - 3:23:28 PM] Indexing ended. 1 files indexed in 0s.
[Info  - 3:24:34 PM] Indexing started.
[Info  - 3:24:34 PM] Indexing ended. 2 files indexed in 0s.
[Info  - 3:24:37 PM] Indexing started.
[Info  - 3:24:37 PM] Indexing ended. 1 files indexed in 0s.
[Info  - 3:24:39 PM] Indexing started.
[Info  - 3:24:39 PM] Indexing ended. 1 files indexed in 0s.
[Info  - 3:25:11 PM] Indexing started.
[Info  - 3:25:12 PM] Indexing ended. 2 files indexed in 0s.
[Info  - 3:25:13 PM] Indexing started.
[Info  - 3:25:14 PM] Indexing ended. 1 files indexed in 0s.
[Info  - 3:25:16 PM] Indexing started.
[Info  - 3:25:16 PM] Indexing ended. 1 files indexed in 0s.
[Info  - 3:25:18 PM] Indexing started.
[Info  - 3:25:18 PM] Indexing ended. 1 files indexed in 0s.
[Info  - 3:25:20 PM] Indexing started.
[Info  - 3:25:20 PM] Indexing ended. 1 files indexed in 0s.
[Info  - 3:25:21 PM] Indexing started.
[Info  - 3:25:21 PM] Indexing ended. 1 files indexed in 0s.
[Info  - 3:25:23 PM] Indexing started.
[Info  - 3:25:24 PM] Indexing ended. 1 files indexed in 0s.
[Info  - 3:25:25 PM] Indexing started.
[Info  - 3:25:25 PM] Indexing ended. 1 files indexed in 0s.
[Info  - 3:25:26 PM] Indexing started.
[Info  - 3:25:26 PM] Indexing ended. 1 files indexed in 0s.
[Info  - 3:25:28 PM] Indexing started.
[Info  - 3:25:28 PM] Indexing ended. 1 files indexed in 0s.
[Info  - 3:25:41 PM] Indexing started.
[Info  - 3:25:41 PM] Indexing ended. 2 files indexed in 0s.
[Info  - 3:25:47 PM] Indexing started.
[Info  - 3:25:47 PM] Indexing ended. 1 files indexed in 0s.
[Info  - 3:25:51 PM] Indexing started.
[Info  - 3:25:51 PM] Indexing ended. 1 files indexed in 0s.
[Info  - 3:25:55 PM] Indexing started.
[Info  - 3:25:56 PM] Indexing ended. 1 files indexed in 0s.
[Info  - 3:26:00 PM] Indexing started.
[Info  - 3:26:00 PM] Indexing ended. 1 files indexed in 0s.
[Info  - 3:26:05 PM] Indexing started.
[Info  - 3:26:05 PM] Indexing ended. 1 files indexed in 0s.
[Info  - 3:26:08 PM] Indexing started.
[Info  - 3:26:08 PM] Indexing ended. 1 files indexed in 0s.
[Info  - 3:26:11 PM] Indexing started.
[Info  - 3:26:12 PM] Indexing ended. 1 files indexed in 0s.
[Info  - 3:26:32 PM] Indexing started.
[Info  - 3:26:33 PM] Indexing ended. 1 files indexed in 0s.
[Info  - 3:26:38 PM] Indexing started.
[Info  - 3:26:38 PM] Indexing ended. 1 files indexed in 0s.
[Info  - 3:26:40 PM] Indexing started.
[Info  - 3:26:40 PM] Indexing ended. 1 files indexed in 0s.
[Info  - 3:26:45 PM] Indexing started.
[Info  - 3:26:45 PM] Indexing ended. 1 files indexed in 0s.
[Info  - 3:29:20 PM] Indexing started.
[Info  - 3:29:20 PM] Indexing ended. 1 files indexed in 0s.
[Info  - 3:31:24 PM] Indexing started.
[Info  - 3:31:25 PM] Indexing ended. 2 files indexed in 0s.
[Info  - 3:31:26 PM] Indexing started.
[Info  - 3:31:26 PM] Indexing ended. 1 files indexed in 0s.
[Info  - 3:31:33 PM] Indexing started.
[Info  - 3:31:34 PM] Indexing ended. 1 files indexed in 0s.
[Info  - 3:31:37 PM] Indexing started.
[Info  - 3:31:37 PM] Indexing ended. 1 files indexed in 0s.
[Info  - 3:31:42 PM] Indexing started.
[Info  - 3:31:42 PM] Indexing ended. 1 files indexed in 0s.
[Info  - 3:31:45 PM] Indexing started.
[Info  - 3:31:45 PM] Indexing ended. 1 files indexed in 0s.
[Info  - 3:31:48 PM] Indexing started.
[Info  - 3:31:48 PM] Indexing ended. 1 files indexed in 0s.
[Info  - 3:31:49 PM] Indexing started.
[Info  - 3:31:49 PM] Indexing ended. 1 files indexed in 0s.
[Info  - 3:32:07 PM] Indexing started.
[Info  - 3:32:07 PM] Indexing ended. 2 files indexed in 0s.
[Info  - 3:32:15 PM] Indexing started.
[Info  - 3:32:15 PM] Indexing ended. 1 files indexed in 0s.
[Info  - 3:32:30 PM] Indexing started.
[Info  - 3:32:30 PM] Indexing ended. 2 files indexed in 0s.
[Info  - 3:32:33 PM] Indexing started.
[Info  - 3:32:33 PM] Indexing ended. 1 files indexed in 0s.
[Info  - 3:32:35 PM] Indexing started.
[Info  - 3:32:35 PM] Indexing ended. 1 files indexed in 0s.
[Info  - 3:33:00 PM] Indexing started.
[Info  - 3:33:00 PM] Indexing ended. 2 files indexed in 0s.
[Info  - 3:33:01 PM] Indexing started.
[Info  - 3:33:02 PM] Indexing ended. 1 files indexed in 0s.
[Info  - 3:33:18 PM] Indexing started.
[Info  - 3:33:19 PM] Indexing ended. 2 files indexed in 0s.
[Info  - 3:33:20 PM] Indexing started.
[Info  - 3:33:20 PM] Indexing ended. 1 files indexed in 0s.
[Info  - 3:33:22 PM] Indexing started.
[Info  - 3:33:23 PM] Indexing ended. 1 files indexed in 0s.
[Info  - 3:33:25 PM] Indexing started.
[Info  - 3:33:25 PM] Indexing ended. 1 files indexed in 0s.
[Info  - 3:33:28 PM] Indexing started.
[Info  - 3:33:28 PM] Indexing ended. 1 files indexed in 0s.
[Info  - 3:33:37 PM] Indexing started.
[Info  - 3:33:37 PM] Indexing ended. 1 files indexed in 0s.
[Info  - 3:33:41 PM] Indexing started.
[Info  - 3:33:41 PM] Indexing ended. 1 files indexed in 0s.
[Info  - 3:33:45 PM] Indexing started.
[Info  - 3:33:45 PM] Indexing ended. 1 files indexed in 0s.
[Info  - 3:33:48 PM] Indexing started.
[Info  - 3:33:48 PM] Indexing ended. 1 files indexed in 0s.
[Info  - 3:34:30 PM] Indexing started.
[Info  - 3:34:30 PM] Indexing ended. 2 files indexed in 0s.
[Info  - 3:34:33 PM] Indexing started.
[Info  - 3:34:33 PM] Indexing ended. 1 files indexed in 0s.
[Info  - 3:34:38 PM] Indexing started.
[Info  - 3:34:39 PM] Indexing ended. 1 files indexed in 0s.
[Info  - 3:34:46 PM] Indexing started.
[Info  - 3:34:47 PM] Indexing ended. 1 files indexed in 0s.
[Info  - 3:35:00 PM] Indexing started.
[Info  - 3:35:00 PM] Indexing ended. 2 files indexed in 0s.
[Info  - 3:35:04 PM] Indexing started.
[Info  - 3:35:04 PM] Indexing ended. 1 files indexed in 0s.
[Info  - 3:35:08 PM] Indexing started.
[Info  - 3:35:08 PM] Indexing ended. 1 files indexed in 0s.
[Info  - 3:36:26 PM] Indexing started.
[Info  - 3:36:26 PM] Indexing ended. 2 files indexed in 0s.
[Info  - 3:36:27 PM] Indexing started.
[Info  - 3:36:28 PM] Indexing ended. 1 files indexed in 0s.
[Info  - 3:36:30 PM] Indexing started.
[Info  - 3:36:30 PM] Indexing ended. 1 files indexed in 0s.
[Info  - 3:36:37 PM] Indexing started.
[Info  - 3:36:38 PM] Indexing ended. 1 files indexed in 0s.
[Info  - 3:36:42 PM] Indexing started.
[Info  - 3:36:42 PM] Indexing ended. 1 files indexed in 0s.
[Info  - 3:36:46 PM] Indexing started.
[Info  - 3:36:46 PM] Indexing ended. 1 files indexed in 0s.
[Info  - 3:36:55 PM] Indexing started.
[Info  - 3:36:56 PM] Indexing ended. 1 files indexed in 0s.
[Info  - 3:36:59 PM] Indexing started.
[Info  - 3:36:59 PM] Indexing ended. 1 files indexed in 0s.
[Info  - 3:37:01 PM] Indexing started.
[Info  - 3:37:01 PM] Indexing ended. 1 files indexed in 0s.
[Info  - 3:37:12 PM] Indexing started.
[Info  - 3:37:12 PM] Indexing ended. 2 files indexed in 0s.
[Info  - 3:37:17 PM] Indexing started.
[Info  - 3:37:17 PM] Indexing ended. 1 files indexed in 0s.
[Info  - 3:37:19 PM] Indexing started.
[Info  - 3:37:19 PM] Indexing ended. 1 files indexed in 0s.
[Info  - 3:37:26 PM] Indexing started.
[Info  - 3:37:27 PM] Indexing ended. 1 files indexed in 0s.
[Info  - 3:37:32 PM] Indexing started.
[Info  - 3:37:32 PM] Indexing ended. 1 files indexed in 0s.
[Info  - 3:37:33 PM] Indexing started.
[Info  - 3:37:34 PM] Indexing ended. 1 files indexed in 0s.
[Info  - 3:37:45 PM] Indexing started.
[Info  - 3:37:45 PM] Indexing ended. 2 files indexed in 0s.
[Info  - 3:37:54 PM] Indexing started.
[Info  - 3:37:54 PM] Indexing ended. 1 files indexed in 0s.
[Info  - 3:39:46 PM] Indexing started.
[Info  - 3:39:47 PM] Indexing ended. 2 files indexed in 0s.
[Info  - 3:39:55 PM] Indexing started.
[Info  - 3:39:55 PM] Indexing ended. 1 files indexed in 0s.
[Info  - 3:41:21 PM] Indexing started.
[Info  - 3:41:21 PM] Indexing ended. 2 files indexed in 0s.
[Info  - 3:47:18 PM] Indexing started.
[Info  - 3:47:18 PM] Indexing ended. 2 files indexed in 0s.
